#
# A fatal error has been detected by the Java Runtime Environment:
#
#  SIGSEGV (0xb) at pc=0x00007fb6c2b67890, pid=8667, tid=140422418638592
#
# JRE version: Java(TM) SE Runtime Environment (8.0_91-b14) (build 1.8.0_91-b14)
# Java VM: Java HotSpot(TM) 64-Bit Server VM (25.91-b14 mixed mode linux-amd64 compressed oops)
# Problematic frame:
# V  [libjvm.so+0x3f9890]  JVMState::interpreter_frame_size() const+0x50
#
# Failed to write core dump. Core dumps have been disabled. To enable core dumping, try "ulimit -c unlimited" before starting Java again
#
# If you would like to submit a bug report, please visit:
#   http://bugreport.java.com/bugreport/crash.jsp
#

---------------  T H R E A D  ---------------

Current thread (0x00007fb6bc0b4000):  JavaThread "C2 CompilerThread0" daemon [_thread_in_native, id=8677, stack(0x00007fb6a451a000,0x00007fb6a461b000)]

siginfo: si_signo: 11 (SIGSEGV), si_code: 128 (SI_KERNEL), si_addr: 0x0000000000000000

Registers:
RAX=0x00007fb684214450, RBX=0x00007fb684214450, RCX=0x000000000000000e, RDX=0x0000000000000000
RSP=0x00007fb6a4615e00, RBP=0x00007fb6a4615e30, RSI=0x0000000000000019, RDI=0x000000000000000a
R8 =0x0000000000000004, R9 =0x0000000000000019, R10=0x0000000000000005, R11=0x00007fb6684e7f38
R12=0x01007fb684022ad0, R13=0x00000000000001e8, R14=0x00007fb684214350, R15=0x00007fb6a4615fa0
RIP=0x00007fb6c2b67890, EFLAGS=0x0000000000010246, CSGSFS=0x0000000000000033, ERR=0x0000000000000000
  TRAPNO=0x000000000000000d

Top of Stack: (sp=0x00007fb6a4615e00)
0x00007fb6a4615e00:   00007fb600000000 0000000000000005
0x00007fb6a4615e10:   0000000000000001 00007fb684365c20
0x00007fb6a4615e20:   0000000000000001 00007fb684365fb8
0x00007fb6a4615e30:   00007fb6a4615f10 00007fb6c2c0c018
0x00007fb6a4615e40:   0000000ca4615ec0 00007fb6a4615e80
0x00007fb6a4615e50:   00007fb6a4615eb0 00007fb6a4615e80
0x00007fb6a4615e60:   00007fb6a4615e90 00007fb6a4615f40
0x00007fb6a4615e70:   00007fb6a4618c50 00007fb6a4615f58
0x00007fb6a4615e80:   0000000000000000 0000000000000000
0x00007fb6a4615e90:   00007fb6bc0b48a0 0000000000000200
0x00007fb6a4615ea0:   00007fb6844ab9e0 00007fb600000139
0x00007fb6a4615eb0:   00007fb6c36cc690 00007fb6bc0b48a0
0x00007fb6a4615ec0:   0000000000000400 00007fb6844a85e0
0x00007fb6a4615ed0:   00007fb600000000 00007fb6c2a4ea06
0x00007fb6a4615ee0:   00000000000074ef 00007fb6bc0b48a0
0x00007fb6a4615ef0:   0000000000014fe0 0000000000014fe0
0x00007fb6a4615f00:   fffffffffffeb01f 00007fb6a4618c50
0x00007fb6a4615f10:   00007fb6a4615ff0 00007fb6c2c0e642
0x00007fb6a4615f20:   00007fb6a4618c50 00007fb6845a9eb8
0x00007fb6a4615f30:   00007fb6a4615f40 0000000000000bec
0x00007fb6a4615f40:   000000040000006f 0000012900000000
0x00007fb6a4615f50:   00007fb60000002b 00007fb6c36cc690
0x00007fb6a4615f60:   00007fb6bc0b48a0 00007fb600000400
0x00007fb6a4615f70:   00007fb6844a6ca0 00007fb6bc0b48a0
0x00007fb6a4615f80:   00007fb600000400 00007fb6844a99e0
0x00007fb6a4615f90:   00007fb60000032c 00007fb6c2f9c2f4
0x00007fb6a4615fa0:   00007fb69061c390 00007fb690631360
0x00007fb6a4615fb0:   00007fb69061c380 00007fb6bc0b48a0
0x00007fb6a4615fc0:   00007fb6a4615ff0 00007fb6a4617f10
0x00007fb6a4615fd0:   00007fb6a4618c50 00007fb6a4616a60
0x00007fb6a4615fe0:   00007fb6c36e9f40 00007fb6a4617eb0
0x00007fb6a4615ff0:   00007fb6a4617fc0 00007fb6c2c10b05 

Instructions: (pc=0x00007fb6c2b67890)
0x00007fb6c2b67870:   f0 44 29 c8 89 fa 29 c2 eb 1b 66 0f 1f 44 00 00
0x00007fb6c2b67880:   4c 8b 60 30 8b 70 14 31 d2 44 8b 48 10 48 89 c3
0x00007fb6c2b67890:   41 8b 7c 24 4c 8b 4b 18 31 c0 29 f1 44 29 ce 45
0x00007fb6c2b678a0:   89 d1 44 01 c6 d1 f9 4c 39 f3 0f 94 c0 89 04 24 

Register to memory mapping:

RAX=0x00007fb684214450 is an unknown value
RBX=0x00007fb684214450 is an unknown value
RCX=0x000000000000000e is an unknown value
RDX=0x0000000000000000 is an unknown value
RSP=0x00007fb6a4615e00 is pointing into the stack for thread: 0x00007fb6bc0b4000
RBP=0x00007fb6a4615e30 is pointing into the stack for thread: 0x00007fb6bc0b4000
RSI=0x0000000000000019 is an unknown value
RDI=0x000000000000000a is an unknown value
R8 =0x0000000000000004 is an unknown value
R9 =0x0000000000000019 is an unknown value
R10=0x0000000000000005 is an unknown value
R11=0x00007fb6684e7f38 is an unknown value
R12=0x01007fb684022ad0 is an unknown value
R13=0x00000000000001e8 is an unknown value
R14=0x00007fb684214350 is an unknown value
R15=0x00007fb6a4615fa0 is pointing into the stack for thread: 0x00007fb6bc0b4000


Stack: [0x00007fb6a451a000,0x00007fb6a461b000],  sp=0x00007fb6a4615e00,  free space=1007k
Native frames: (J=compiled Java code, j=interpreted, Vv=VM code, C=native code)
V  [libjvm.so+0x3f9890]  JVMState::interpreter_frame_size() const+0x50
V  [libjvm.so+0x49e018]  Compile::final_graph_reshaping_walk(Node_Stack&, Node*, Final_Reshape_Counts&)+0x268
V  [libjvm.so+0x4a0642]  Compile::final_graph_reshaping()+0x212
V  [libjvm.so+0x4a2b05]  Compile::Optimize()+0xab5
V  [libjvm.so+0x4a3fea]  Compile::Compile(ciEnv*, C2Compiler*, ciMethod*, int, bool, bool, bool)+0x13ca
V  [libjvm.so+0x3f1818]  C2Compiler::compile_method(ciEnv*, ciMethod*, int)+0x198
V  [libjvm.so+0x4ae4da]  CompileBroker::invoke_compiler_on_method(CompileTask*)+0xc9a
V  [libjvm.so+0x4af486]  CompileBroker::compiler_thread_loop()+0x5d6
V  [libjvm.so+0xa6b77f]  JavaThread::thread_main_inner()+0xdf
V  [libjvm.so+0xa6b8ac]  JavaThread::run()+0x11c
V  [libjvm.so+0x91ef78]  java_start(Thread*)+0x108
C  [libpthread.so.0+0x8182]  start_thread+0xc2


Current CompileTask:
C2:   6710 2940       4       java.net.URLClassLoader$1::run (5 bytes)


---------------  P R O C E S S  ---------------

Java Threads: ( => current thread )
  0x00007fb66869c800 JavaThread "File lock request listener" [_thread_in_native, id=8693, stack(0x00007fb681a2e000,0x00007fb681b2f000)]
  0x00007fb6685bc000 JavaThread "process reaper" daemon [_thread_blocked, id=8692, stack(0x00007fb681d2f000,0x00007fb681d68000)]
  0x00007fb668017800 JavaThread "Stdin handler" [_thread_blocked, id=8690, stack(0x00007fb6827e2000,0x00007fb6828e3000)]
  0x00007fb66801d800 JavaThread "Asynchronous log dispatcher for org.gradle.launcher.daemon.server.DefaultDaemonConnection@7d5c32f1" [_thread_blocked, id=8689, stack(0x00007fb6828e3000,0x00007fb6829e4000)]
  0x00007fb674011800 JavaThread "Daemon worker" [_thread_in_vm, id=8686, stack(0x00007fb6829e4000,0x00007fb682ae5000)]
  0x00007fb674015000 JavaThread "Cancel handler" [_thread_blocked, id=8685, stack(0x00007fb682ae5000,0x00007fb682be6000)]
  0x00007fb674007800 JavaThread "Handler for socket connection from /127.0.0.1:43739 to /127.0.0.1:50136" [_thread_in_native, id=8684, stack(0x00007fb682be6000,0x00007fb682ce7000)]
  0x00007fb67002e800 JavaThread "Daemon" [_thread_blocked, id=8683, stack(0x00007fb682ce7000,0x00007fb682de8000)]
  0x00007fb6bcb3d800 JavaThread "Incoming local TCP Connector on port 43739" [_thread_in_native, id=8682, stack(0x00007fb682fef000,0x00007fb6830f0000)]
  0x00007fb6bcb20800 JavaThread "pool-1-thread-1" [_thread_blocked, id=8681, stack(0x00007fb6830f0000,0x00007fb6831f1000)]
  0x00007fb6bc0b9800 JavaThread "Service Thread" daemon [_thread_blocked, id=8679, stack(0x00007fb6a4318000,0x00007fb6a4419000)]
  0x00007fb6bc0b7000 JavaThread "C1 CompilerThread1" daemon [_thread_blocked, id=8678, stack(0x00007fb6a4419000,0x00007fb6a451a000)]
=>0x00007fb6bc0b4000 JavaThread "C2 CompilerThread0" daemon [_thread_in_native, id=8677, stack(0x00007fb6a451a000,0x00007fb6a461b000)]
  0x00007fb6bc0b2800 JavaThread "Signal Dispatcher" daemon [_thread_blocked, id=8676, stack(0x00007fb6a461b000,0x00007fb6a471c000)]
  0x00007fb6bc080000 JavaThread "Finalizer" daemon [_thread_blocked, id=8675, stack(0x00007fb6a4dfe000,0x00007fb6a4eff000)]
  0x00007fb6bc07b000 JavaThread "Reference Handler" daemon [_thread_blocked, id=8674, stack(0x00007fb6a4eff000,0x00007fb6a5000000)]
  0x00007fb6bc00a000 JavaThread "main" [_thread_blocked, id=8670, stack(0x00007fb6c424b000,0x00007fb6c434c000)]

Other Threads:
  0x00007fb6bc073800 VMThread [stack: 0x00007fb6ac0f9000,0x00007fb6ac1fa000] [id=8673]
  0x00007fb6bc0bc800 WatcherThread [stack: 0x00007fb6a4217000,0x00007fb6a4318000] [id=8680]

VM state:not at safepoint (normal execution)

VM Mutex/Monitor currently owned by a thread: None

Heap:
 PSYoungGen      total 130048K, used 75850K [0x00000000e0000000, 0x00000000ef480000, 0x0000000100000000)
  eden space 124928K, 56% used [0x00000000e0000000,0x00000000e4515170,0x00000000e7a00000)
  from space 5120K, 99% used [0x00000000e7a00000,0x00000000e7efd918,0x00000000e7f00000)
  to   space 13824K, 0% used [0x00000000ee700000,0x00000000ee700000,0x00000000ef480000)
 ParOldGen       total 56832K, used 16796K [0x00000000a0000000, 0x00000000a3780000, 0x00000000e0000000)
  object space 56832K, 29% used [0x00000000a0000000,0x00000000a1067380,0x00000000a3780000)
 Metaspace       used 32113K, capacity 32770K, committed 33152K, reserved 1077248K
  class space    used 4441K, capacity 4646K, committed 4736K, reserved 1048576K

Card table byte_map: [0x00007fb6c0d0d000,0x00007fb6c100e000] byte_map_base: 0x00007fb6c080d000

Marking Bits: (ParMarkBitMap*) 0x00007fb6c3724d60
 Begin Bits: [0x00007fb6a5000000, 0x00007fb6a6800000)
 End Bits:   [0x00007fb6a6800000, 0x00007fb6a8000000)

Polling page: 0x00007fb6c436d000

CodeCache: size=245760Kb used=10770Kb max_used=10770Kb free=234989Kb
 bounds [0x00007fb6ad000000, 0x00007fb6ada90000, 0x00007fb6bc000000]
 total_blobs=3835 nmethods=3187 adapters=562
 compilation: enabled

Compilation events (10 events):
Event: 6.705 Thread 0x00007fb6bc0b7000 3193       2       java.util.Formatter$Conversion::isGeneral (64 bytes)
Event: 6.705 Thread 0x00007fb6bc0b7000 nmethod 3193 0x00007fb6ada88790 code [0x00007fb6ada888e0, 0x00007fb6ada88a50]
Event: 6.705 Thread 0x00007fb6bc0b7000 3194       2       sun.util.locale.provider.LocaleProviderAdapter::getAdapter (171 bytes)
Event: 6.705 Thread 0x00007fb6bc0b7000 nmethod 3194 0x00007fb6ada88ad0 code [0x00007fb6ada88d20, 0x00007fb6ada89378]
Event: 6.705 Thread 0x00007fb6bc0b7000 3195       1       java.util.Currency::getCurrencyCode (5 bytes)
Event: 6.705 Thread 0x00007fb6bc0b7000 nmethod 3195 0x00007fb6ada89790 code [0x00007fb6ada898e0, 0x00007fb6ada899f0]
Event: 6.705 Thread 0x00007fb6bc0b7000 3197       1       java.util.EnumMap::size (5 bytes)
Event: 6.706 Thread 0x00007fb6bc0b7000 nmethod 3197 0x00007fb6ada89a50 code [0x00007fb6ada89ba0, 0x00007fb6ada89cb0]
Event: 6.706 Thread 0x00007fb6bc0b7000 3196       1       com.google.common.collect.SingletonImmutableList::isPartialView (2 bytes)
Event: 6.706 Thread 0x00007fb6bc0b7000 nmethod 3196 0x00007fb6ada89d10 code [0x00007fb6ada89e60, 0x00007fb6ada89f70]

GC Heap History (10 events):
Event: 1.537 GC heap before
{Heap before GC invocations=2 (full 0):
 PSYoungGen      total 36352K, used 34927K [0x00000000e0000000, 0x00000000e4700000, 0x0000000100000000)
  eden space 31232K, 100% used [0x00000000e0000000,0x00000000e1e80000,0x00000000e1e80000)
  from space 5120K, 72% used [0x00000000e1e80000,0x00000000e221bc48,0x00000000e2380000)
  to   space 5120K, 0% used [0x00000000e4200000,0x00000000e4200000,0x00000000e4700000)
 ParOldGen       total 83456K, used 8K [0x00000000a0000000, 0x00000000a5180000, 0x00000000e0000000)
  object space 83456K, 0% used [0x00000000a0000000,0x00000000a0002000,0x00000000a5180000)
 Metaspace       used 11610K, capacity 11892K, committed 12032K, reserved 1058816K
  class space    used 1602K, capacity 1710K, committed 1792K, reserved 1048576K
Event: 1.565 GC heap after
Heap after GC invocations=2 (full 0):
 PSYoungGen      total 67584K, used 5106K [0x00000000e0000000, 0x00000000e4700000, 0x0000000100000000)
  eden space 62464K, 0% used [0x00000000e0000000,0x00000000e0000000,0x00000000e3d00000)
  from space 5120K, 99% used [0x00000000e4200000,0x00000000e46fcb90,0x00000000e4700000)
  to   space 5120K, 0% used [0x00000000e3d00000,0x00000000e3d00000,0x00000000e4200000)
 ParOldGen       total 83456K, used 416K [0x00000000a0000000, 0x00000000a5180000, 0x00000000e0000000)
  object space 83456K, 0% used [0x00000000a0000000,0x00000000a0068308,0x00000000a5180000)
 Metaspace       used 11610K, capacity 11892K, committed 12032K, reserved 1058816K
  class space    used 1602K, capacity 1710K, committed 1792K, reserved 1048576K
}
Event: 3.162 GC heap before
{Heap before GC invocations=3 (full 0):
 PSYoungGen      total 67584K, used 67570K [0x00000000e0000000, 0x00000000e4700000, 0x0000000100000000)
  eden space 62464K, 100% used [0x00000000e0000000,0x00000000e3d00000,0x00000000e3d00000)
  from space 5120K, 99% used [0x00000000e4200000,0x00000000e46fcb90,0x00000000e4700000)
  to   space 5120K, 0% used [0x00000000e3d00000,0x00000000e3d00000,0x00000000e4200000)
 ParOldGen       total 83456K, used 416K [0x00000000a0000000, 0x00000000a5180000, 0x00000000e0000000)
  object space 83456K, 0% used [0x00000000a0000000,0x00000000a0068308,0x00000000a5180000)
 Metaspace       used 20636K, capacity 20988K, committed 21120K, reserved 1067008K
  class space    used 2805K, capacity 2941K, committed 2944K, reserved 1048576K
Event: 3.206 GC heap after
Heap after GC invocations=3 (full 0):
 PSYoungGen      total 67584K, used 5120K [0x00000000e0000000, 0x00000000e8400000, 0x0000000100000000)
  eden space 62464K, 0% used [0x00000000e0000000,0x00000000e0000000,0x00000000e3d00000)
  from space 5120K, 100% used [0x00000000e3d00000,0x00000000e4200000,0x00000000e4200000)
  to   space 5120K, 0% used [0x00000000e7f00000,0x00000000e7f00000,0x00000000e8400000)
 ParOldGen       total 83456K, used 8007K [0x00000000a0000000, 0x00000000a5180000, 0x00000000e0000000)
  object space 83456K, 9% used [0x00000000a0000000,0x00000000a07d1e80,0x00000000a5180000)
 Metaspace       used 20636K, capacity 20988K, committed 21120K, reserved 1067008K
  class space    used 2805K, capacity 2941K, committed 2944K, reserved 1048576K
}
Event: 3.216 GC heap before
{Heap before GC invocations=4 (full 0):
 PSYoungGen      total 67584K, used 5876K [0x00000000e0000000, 0x00000000e8400000, 0x0000000100000000)
  eden space 62464K, 1% used [0x00000000e0000000,0x00000000e00bd2c8,0x00000000e3d00000)
  from space 5120K, 100% used [0x00000000e3d00000,0x00000000e4200000,0x00000000e4200000)
  to   space 5120K, 0% used [0x00000000e7f00000,0x00000000e7f00000,0x00000000e8400000)
 ParOldGen       total 83456K, used 8007K [0x00000000a0000000, 0x00000000a5180000, 0x00000000e0000000)
  object space 83456K, 9% used [0x00000000a0000000,0x00000000a07d1e80,0x00000000a5180000)
 Metaspace       used 20747K, capacity 21116K, committed 21296K, reserved 1067008K
  class space    used 2822K, capacity 2941K, committed 2944K, reserved 1048576K
Event: 3.267 GC heap after
Heap after GC invocations=4 (full 0):
 PSYoungGen      total 130048K, used 5104K [0x00000000e0000000, 0x00000000e8400000, 0x0000000100000000)
  eden space 124928K, 0% used [0x00000000e0000000,0x00000000e0000000,0x00000000e7a00000)
  from space 5120K, 99% used [0x00000000e7f00000,0x00000000e83fc030,0x00000000e8400000)
  to   space 5120K, 0% used [0x00000000e7a00000,0x00000000e7a00000,0x00000000e7f00000)
 ParOldGen       total 83456K, used 8144K [0x00000000a0000000, 0x00000000a5180000, 0x00000000e0000000)
  object space 83456K, 9% used [0x00000000a0000000,0x00000000a07f43c8,0x00000000a5180000)
 Metaspace       used 20747K, capacity 21116K, committed 21296K, reserved 1067008K
  class space    used 2822K, capacity 2941K, committed 2944K, reserved 1048576K
}
Event: 3.267 GC heap before
{Heap before GC invocations=5 (full 1):
 PSYoungGen      total 130048K, used 5104K [0x00000000e0000000, 0x00000000e8400000, 0x0000000100000000)
  eden space 124928K, 0% used [0x00000000e0000000,0x00000000e0000000,0x00000000e7a00000)
  from space 5120K, 99% used [0x00000000e7f00000,0x00000000e83fc030,0x00000000e8400000)
  to   space 5120K, 0% used [0x00000000e7a00000,0x00000000e7a00000,0x00000000e7f00000)
 ParOldGen       total 83456K, used 8144K [0x00000000a0000000, 0x00000000a5180000, 0x00000000e0000000)
  object space 83456K, 9% used [0x00000000a0000000,0x00000000a07f43c8,0x00000000a5180000)
 Metaspace       used 20747K, capacity 21116K, committed 21296K, reserved 1067008K
  class space    used 2822K, capacity 2941K, committed 2944K, reserved 1048576K
Event: 3.437 GC heap after
Heap after GC invocations=5 (full 1):
 PSYoungGen      total 130048K, used 0K [0x00000000e0000000, 0x00000000e8400000, 0x0000000100000000)
  eden space 124928K, 0% used [0x00000000e0000000,0x00000000e0000000,0x00000000e7a00000)
  from space 5120K, 0% used [0x00000000e7f00000,0x00000000e7f00000,0x00000000e8400000)
  to   space 5120K, 0% used [0x00000000e7a00000,0x00000000e7a00000,0x00000000e7f00000)
 ParOldGen       total 56832K, used 12404K [0x00000000a0000000, 0x00000000a3780000, 0x00000000e0000000)
  object space 56832K, 21% used [0x00000000a0000000,0x00000000a0c1d150,0x00000000a3780000)
 Metaspace       used 20747K, capacity 21116K, committed 21296K, reserved 1067008K
  class space    used 2822K, capacity 2941K, committed 2944K, reserved 1048576K
}
Event: 5.526 GC heap before
{Heap before GC invocations=6 (full 1):
 PSYoungGen      total 130048K, used 124928K [0x00000000e0000000, 0x00000000e8400000, 0x0000000100000000)
  eden space 124928K, 100% used [0x00000000e0000000,0x00000000e7a00000,0x00000000e7a00000)
  from space 5120K, 0% used [0x00000000e7f00000,0x00000000e7f00000,0x00000000e8400000)
  to   space 5120K, 0% used [0x00000000e7a00000,0x00000000e7a00000,0x00000000e7f00000)
 ParOldGen       total 56832K, used 12404K [0x00000000a0000000, 0x00000000a3780000, 0x00000000e0000000)
  object space 56832K, 21% used [0x00000000a0000000,0x00000000a0c1d150,0x00000000a3780000)
 Metaspace       used 27433K, capacity 27894K, committed 28160K, reserved 1073152K
  class space    used 3842K, capacity 3971K, committed 4096K, reserved 1048576K
Event: 5.564 GC heap after
Heap after GC invocations=6 (full 1):
 PSYoungGen      total 130048K, used 5110K [0x00000000e0000000, 0x00000000ef480000, 0x0000000100000000)
  eden space 124928K, 0% used [0x00000000e0000000,0x00000000e0000000,0x00000000e7a00000)
  from space 5120K, 99% used [0x00000000e7a00000,0x00000000e7efd918,0x00000000e7f00000)
  to   space 13824K, 0% used [0x00000000ee700000,0x00000000ee700000,0x00000000ef480000)
 ParOldGen       total 56832K, used 16796K [0x00000000a0000000, 0x00000000a3780000, 0x00000000e0000000)
  object space 56832K, 29% used [0x00000000a0000000,0x00000000a1067380,0x00000000a3780000)
 Metaspace       used 27433K, capacity 27894K, committed 28160K, reserved 1073152K
  class space    used 3842K, capacity 3971K, committed 4096K, reserved 1048576K
}

Deoptimization events (10 events):
Event: 3.572 Thread 0x00007fb674011800 Uncommon trap: reason=class_check action=maybe_recompile pc=0x00007fb6ad387d44 method=java.lang.reflect.Method.equals(Ljava/lang/Object;)Z @ 5
Event: 3.664 Thread 0x00007fb674011800 Uncommon trap: reason=null_check action=make_not_entrant pc=0x00007fb6ad622e98 method=org.codehaus.groovy.reflection.ClassInfo.getLocalClassInfoMap()Lorg/codehaus/groovy/reflection/ClassInfo$LocalMap; @ 6
Event: 3.795 Thread 0x00007fb674011800 Uncommon trap: reason=unstable_if action=reinterpret pc=0x00007fb6ad20a7b4 method=java.io.UnixFileSystem.resolve(Ljava/lang/String;Ljava/lang/String;)Ljava/lang/String; @ 18
Event: 4.457 Thread 0x00007fb674011800 Uncommon trap: reason=unstable_if action=reinterpret pc=0x00007fb6ad3ae370 method=java.lang.AbstractStringBuilder.append(Ljava/lang/String;)Ljava/lang/AbstractStringBuilder; @ 1
Event: 5.483 Thread 0x00007fb674011800 Uncommon trap: reason=unstable_if action=reinterpret pc=0x00007fb6ad88cacc method=org.apache.xerces.impl.io.UTF8Reader.read([CII)I @ 123
Event: 5.909 Thread 0x00007fb66801d800 Uncommon trap: reason=unstable_if action=reinterpret pc=0x00007fb6ad9721e8 method=com.esotericsoftware.kryo.io.Output.writeString(Ljava/lang/CharSequence;)V @ 20
Event: 6.670 Thread 0x00007fb674011800 Uncommon trap: reason=unstable_if action=reinterpret pc=0x00007fb6ad99ba94 method=java.util.HashMap.putVal(ILjava/lang/Object;Ljava/lang/Object;ZZ)Ljava/lang/Object; @ 162
Event: 6.670 Thread 0x00007fb674011800 Uncommon trap: reason=unstable_if action=reinterpret pc=0x00007fb6ad65a590 method=java.util.HashMap.putVal(ILjava/lang/Object;Ljava/lang/Object;ZZ)Ljava/lang/Object; @ 162
Event: 6.670 Thread 0x00007fb674011800 Uncommon trap: reason=unstable_if action=reinterpret pc=0x00007fb6ad9978b0 method=java.util.HashMap.putVal(ILjava/lang/Object;Ljava/lang/Object;ZZ)Ljava/lang/Object; @ 162
Event: 6.671 Thread 0x00007fb674011800 Uncommon trap: reason=unstable_if action=reinterpret pc=0x00007fb6ad28dd04 method=java.util.HashMap.resize()[Ljava/util/HashMap$Node; @ 206

Internal exceptions (10 events):
Event: 6.168 Thread 0x00007fb674011800 Exception <a 'java/lang/ClassNotFoundException': org/gradle/api/tasks/DeleteCustomizer> (0x00000000e1ff6960) thrown at [/HUDSON/workspace/8-2-build-linux-amd64/jdk8u91/6644/hotspot/src/share/vm/classfile/systemDictionary.cpp, line 210]
Event: 6.170 Thread 0x00007fb674011800 Exception <a 'java/lang/ClassNotFoundException': org/gradle/api/tasks/Delete_DecoratedCustomizer> (0x00000000e202fa78) thrown at [/HUDSON/workspace/8-2-build-linux-amd64/jdk8u91/6644/hotspot/src/share/vm/classfile/systemDictionary.cpp, line 210]
Event: 6.203 Thread 0x00007fb674011800 Exception <a 'java/lang/ClassNotFoundException': build_e06p8r7tohg7pcdzeupb2a1xuBeanInfo> (0x00000000e2193298) thrown at [/HUDSON/workspace/8-2-build-linux-amd64/jdk8u91/6644/hotspot/src/share/vm/classfile/systemDictionary.cpp, line 210]
Event: 6.204 Thread 0x00007fb674011800 Exception <a 'java/lang/ClassNotFoundException': build_e06p8r7tohg7pcdzeupb2a1xuCustomizer> (0x00000000e21a2b88) thrown at [/HUDSON/workspace/8-2-build-linux-amd64/jdk8u91/6644/hotspot/src/share/vm/classfile/systemDictionary.cpp, line 210]
Event: 6.209 Thread 0x00007fb674011800 Exception <a 'java/lang/ClassNotFoundException': org/gradle/api/internal/plugins/DefaultObjectConfigurationActionBeanInfo> (0x00000000e21f7960) thrown at [/HUDSON/workspace/8-2-build-linux-amd64/jdk8u91/6644/hotspot/src/share/vm/classfile/systemDictionary
Event: 6.209 Thread 0x00007fb674011800 Exception <a 'java/lang/ClassNotFoundException': org/gradle/api/internal/plugins/DefaultObjectConfigurationActionCustomizer> (0x00000000e2224308) thrown at [/HUDSON/workspace/8-2-build-linux-amd64/jdk8u91/6644/hotspot/src/share/vm/classfile/systemDictiona
Event: 6.212 Thread 0x00007fb674011800 Exception <a 'java/lang/ClassNotFoundException': org/gradle/api/plugins/ObjectConfigurationActionBeanInfo> (0x00000000e2268c28) thrown at [/HUDSON/workspace/8-2-build-linux-amd64/jdk8u91/6644/hotspot/src/share/vm/classfile/systemDictionary.cpp, line 210]
Event: 6.212 Thread 0x00007fb674011800 Exception <a 'java/lang/ClassNotFoundException': org/gradle/api/plugins/ObjectConfigurationActionCustomizer> (0x00000000e228e5c8) thrown at [/HUDSON/workspace/8-2-build-linux-amd64/jdk8u91/6644/hotspot/src/share/vm/classfile/systemDictionary.cpp, line 210
Event: 6.528 Thread 0x00007fb674011800 Exception <a 'java/lang/ClassNotFoundException': org/gradle/api/plugins/BasePluginConventionBeanInfo> (0x00000000e39b5ab8) thrown at [/HUDSON/workspace/8-2-build-linux-amd64/jdk8u91/6644/hotspot/src/share/vm/classfile/systemDictionary.cpp, line 210]
Event: 6.529 Thread 0x00007fb674011800 Exception <a 'java/lang/ClassNotFoundException': org/gradle/api/plugins/BasePluginConventionCustomizer> (0x00000000e39e8bd8) thrown at [/HUDSON/workspace/8-2-build-linux-amd64/jdk8u91/6644/hotspot/src/share/vm/classfile/systemDictionary.cpp, line 210]

Events (10 events):
Event: 6.670 Thread 0x00007fb674011800 DEOPT PACKING pc=0x00007fb6ad65a590 sp=0x00007fb682adf9c0
Event: 6.670 Thread 0x00007fb674011800 DEOPT UNPACKING pc=0x00007fb6ad005229 sp=0x00007fb682adf8f8 mode 2
Event: 6.670 Thread 0x00007fb674011800 Uncommon trap: trap_request=0xffffff65 fr.pc=0x00007fb6ad9978b0
Event: 6.670 Thread 0x00007fb674011800 DEOPT PACKING pc=0x00007fb6ad9978b0 sp=0x00007fb682adf940
Event: 6.670 Thread 0x00007fb674011800 DEOPT UNPACKING pc=0x00007fb6ad005229 sp=0x00007fb682adf8f8 mode 2
Event: 6.671 Thread 0x00007fb674011800 Uncommon trap: trap_request=0xffffff65 fr.pc=0x00007fb6ad28dd04
Event: 6.671 Thread 0x00007fb674011800 DEOPT PACKING pc=0x00007fb6ad28dd04 sp=0x00007fb682adf8b0
Event: 6.671 Thread 0x00007fb674011800 DEOPT UNPACKING pc=0x00007fb6ad005229 sp=0x00007fb682adf840 mode 2
Event: 6.706 loading class org/gradle/api/file/SourceDirectorySet
Event: 6.706 loading class org/gradle/api/file/SourceDirectorySet done


Dynamic libraries:
00400000-00401000 r-xp 00000000 08:01 19007894                           /usr/lib/jvm/java-8-oracle/bin/java
00600000-00601000 rw-p 00000000 08:01 19007894                           /usr/lib/jvm/java-8-oracle/bin/java
00abe000-00adf000 rw-p 00000000 00:00 0                                  [heap]
a0000000-a3780000 rw-p 00000000 00:00 0 
a3780000-e0000000 ---p 00000000 00:00 0 
e0000000-ef480000 rw-p 00000000 00:00 0 
ef480000-100000000 ---p 00000000 00:00 0 
100000000-1004a0000 rw-p 00000000 00:00 0 
1004a0000-140000000 ---p 00000000 00:00 0 
7fb668000000-7fb668c0b000 rw-p 00000000 00:00 0 
7fb668c0b000-7fb66c000000 ---p 00000000 00:00 0 
7fb670000000-7fb670063000 rw-p 00000000 00:00 0 
7fb670063000-7fb674000000 ---p 00000000 00:00 0 
7fb674000000-7fb674021000 rw-p 00000000 00:00 0 
7fb674021000-7fb678000000 ---p 00000000 00:00 0 
7fb678000000-7fb678021000 rw-p 00000000 00:00 0 
7fb678021000-7fb67c000000 ---p 00000000 00:00 0 
7fb67c000000-7fb67c021000 rw-p 00000000 00:00 0 
7fb67c021000-7fb680000000 ---p 00000000 00:00 0 
7fb681293000-7fb681455000 rw-p 00000000 00:00 0 
7fb681455000-7fb681495000 ---p 00000000 00:00 0 
7fb681495000-7fb681695000 rw-p 00000000 00:00 0 
7fb681695000-7fb6816c0000 r--s 001fc000 08:01 7210411                    /home/avalanche/android-studio/gradle/m2repository/com/google/guava/guava/18.0/guava-18.0.jar
7fb6816c0000-7fb6816c1000 r--s 00001000 08:01 7351857                    /home/avalanche/android-studio/gradle/m2repository/com/android/tools/annotations/25.2.3/annotations-25.2.3.jar
7fb6816c1000-7fb6816d4000 r--s 000b2000 08:01 8927451                    /home/avalanche/android-studio/gradle/m2repository/com/android/tools/external/com-intellij/uast/145.597.4/uast-145.597.4.jar
7fb6816d4000-7fb6816dc000 r--s 000a8000 08:01 6948284                    /home/avalanche/android-studio/gradle/m2repository/com/android/tools/external/lombok/lombok-ast/0.2.3/lombok-ast-0.2.3.jar
7fb6816dc000-7fb6816de000 r--s 0000d000 08:01 6948411                    /home/avalanche/android-studio/gradle/m2repository/commons-codec/commons-codec/1.4/commons-codec-1.4.jar
7fb6816de000-7fb6816e0000 r--s 0000d000 08:01 6033379                    /home/avalanche/android-studio/gradle/m2repository/commons-logging/commons-logging/1.1.1/commons-logging-1.1.1.jar
7fb6816e0000-7fb6816e5000 r--s 00028000 08:01 6948109                    /home/avalanche/android-studio/gradle/m2repository/org/apache/httpcomponents/httpcore/4.1/httpcore-4.1.jar
7fb6816e5000-7fb6816e9000 r--s 0002f000 08:01 7340964                    /home/avalanche/android-studio/gradle/m2repository/com/google/jimfs/jimfs/1.1/jimfs-1.1.jar
7fb6816e9000-7fb6816ea000 r--s 00004000 08:01 6948401                    /home/avalanche/android-studio/gradle/m2repository/com/intellij/annotations/12.0/annotations-12.0.jar
7fb6816ea000-7fb6816eb000 r--s 00004000 08:01 6959901                    /home/avalanche/android-studio/gradle/m2repository/org/ow2/asm/asm-analysis/5.0.4/asm-analysis-5.0.4.jar
7fb6816eb000-7fb6816ef000 r--s 0003b000 08:01 9845600                    /home/avalanche/android-studio/gradle/m2repository/com/android/tools/lint/lint-api/25.2.3/lint-api-25.2.3.jar
7fb6816ef000-7fb6816f0000 r--s 0000a000 08:01 6948122                    /home/avalanche/android-studio/gradle/m2repository/net/sf/kxml/kxml2/2.3.0/kxml2-2.3.0.jar
7fb6816f0000-7fb6816f2000 r--s 00005000 08:01 6948100                    /home/avalanche/android-studio/gradle/m2repository/org/apache/httpcomponents/httpmime/4.1/httpmime-4.1.jar
7fb6816f2000-7fb6816fa000 r--s 0004e000 08:01 6948089                    /home/avalanche/android-studio/gradle/m2repository/org/apache/httpcomponents/httpclient/4.1.1/httpclient-4.1.1.jar
7fb6816fa000-7fb681701000 r--s 00053000 08:01 6948056                    /home/avalanche/android-studio/gradle/m2repository/org/apache/commons/commons-compress/1.8.1/commons-compress-1.8.1.jar
7fb681701000-7fb681706000 r--s 0002a000 08:01 6948159                    /home/avalanche/android-studio/gradle/m2repository/com/google/code/gson/gson/2.2.4/gson-2.2.4.jar
7fb681706000-7fb68170b000 r--s 0002d000 08:01 8409683                    /home/avalanche/android-studio/gradle/m2repository/com/android/tools/repository/25.2.3/repository-25.2.3.jar
7fb68170b000-7fb68170c000 r--s 00005000 08:01 8409672                    /home/avalanche/android-studio/gradle/m2repository/com/android/tools/dvlib/25.2.3/dvlib-25.2.3.jar
7fb68170c000-7fb68170f000 r--s 00014000 08:01 8270544                    /home/avalanche/android-studio/gradle/m2repository/com/android/tools/layoutlib/layoutlib-api/25.2.3/layoutlib-api-25.2.3.jar
7fb68170f000-7fb681714000 r--s 00058000 08:01 6947987                    /home/avalanche/android-studio/gradle/m2repository/org/ow2/asm/asm-debug-all/5.0.1/asm-debug-all-5.0.1.jar
7fb681714000-7fb681724000 r--s 000d6000 08:01 6948134                    /home/avalanche/android-studio/gradle/m2repository/net/sf/proguard/proguard-base/5.2.1/proguard-base-5.2.1.jar
7fb681724000-7fb681727000 r--s 00033000 08:01 6948197                    /home/avalanche/android-studio/gradle/m2repository/com/googlecode/juniversalchardet/juniversalchardet/1.0.3/juniversalchardet-1.0.3.jar
7fb681727000-7fb68172b000 r--s 0002a000 08:01 5768531                    /home/avalanche/android-studio/gradle/m2repository/commons-io/commons-io/2.4/commons-io-2.4.jar
7fb68172b000-7fb681742000 r--s 00154000 08:01 6172110                    /home/avalanche/android-studio/gradle/m2repository/org/antlr/antlr4/4.5.3/antlr4-4.5.3.jar
7fb681742000-7fb681743000 r--s 00002000 08:01 7093400                    /home/avalanche/android-studio/gradle/m2repository/com/android/databinding/baseLibrary/2.2.3/baseLibrary-2.2.3.jar
7fb681743000-7fb681756000 r--s 00236000 08:01 7082170                    /home/avalanche/android-studio/gradle/m2repository/org/eclipse/jdt/core/compiler/ecj/4.5.1/ecj-4.5.1.jar
7fb681756000-7fb68175d000 r--s 000c3000 08:01 8793143                    /home/avalanche/android-studio/gradle/m2repository/com/android/tools/lint/lint-checks/25.2.3/lint-checks-25.2.3.jar
7fb68175d000-7fb68175f000 r--s 00006000 08:01 6959904                    /home/avalanche/android-studio/gradle/m2repository/org/ow2/asm/asm-tree/5.0.4/asm-tree-5.0.4.jar
7fb68175f000-7fb681792000 r--s 00203000 08:01 6948048                    /home/avalanche/android-studio/gradle/m2repository/org/bouncycastle/bcprov-jdk15on/1.48/bcprov-jdk15on-1.48.jar
7fb681792000-7fb6817a0000 r--s 00081000 08:01 6948043                    /home/avalanche/android-studio/gradle/m2repository/org/bouncycastle/bcpkix-jdk15on/1.48/bcpkix-jdk15on-1.48.jar
7fb6817a0000-7fb6817a2000 r--s 00002000 08:01 6948397                    /home/avalanche/android-studio/gradle/m2repository/com/squareup/javawriter/2.5.0/javawriter-2.5.0.jar
7fb6817a2000-7fb6817a3000 r--s 00002000 08:01 8927456                    /home/avalanche/android-studio/gradle/m2repository/com/android/tools/analytics-library/tracker/25.2.3/tracker-25.2.3.jar
7fb6817a3000-7fb6817a5000 r--s 00003000 08:01 9070655                    /home/avalanche/android-studio/gradle/m2repository/com/android/tools/analytics-library/shared/25.2.3/shared-25.2.3.jar
7fb6817a5000-7fb6817b2000 r--s 000ed000 08:01 9070651                    /home/avalanche/android-studio/gradle/m2repository/com/android/tools/analytics-library/protos/25.2.3/protos-25.2.3.jar
7fb6817b2000-7fb6817b3000 r--s 00001000 08:01 6948376                    /home/avalanche/android-studio/gradle/m2repository/com/android/tools/jill/jill-api/0.10.0/jill-api-0.10.0.jar
7fb6817b3000-7fb6817b5000 r--s 00003000 08:01 9975648                    /home/avalanche/android-studio/gradle/m2repository/com/android/tools/jack/jack-api/0.11.0/jack-api-0.11.0.jar
7fb6817b5000-7fb6817ba000 r--s 0004a000 08:01 8270566                    /home/avalanche/android-studio/gradle/m2repository/com/android/tools/ddms/ddmlib/25.2.3/ddmlib-25.2.3.jar
7fb6817ba000-7fb6817bd000 r--s 00021000 08:01 7484556                    /home/avalanche/android-studio/gradle/m2repository/com/android/tools/build/manifest-merger/25.2.3/manifest-merger-25.2.3.jar
7fb6817bd000-7fb6817bf000 r--s 0001c000 08:01 9975644                    /home/avalanche/android-studio/gradle/m2repository/com/android/tools/common/25.2.3/common-25.2.3.jar
7fb6817bf000-7fb6817c7000 r--s 00084000 08:01 8270552                    /home/avalanche/android-studio/gradle/m2repository/com/android/tools/sdk-common/25.2.3/sdk-common-25.2.3.jar
7fb6817c7000-7fb6817d2000 r--s 0008e000 08:01 9845610                    /home/avalanche/android-studio/gradle/m2repository/com/android/tools/sdklib/25.2.3/sdklib-25.2.3.jar
7fb6817d2000-7fb6817d3000 r--s 00002000 08:01 7472017                    /home/avalanche/android-studio/gradle/m2repository/com/android/tools/build/builder-test-api/2.2.3/builder-test-api-2.2.3.jar
7fb6817d3000-7fb6817d6000 r--s 00005000 08:01 7621719                    /home/avalanche/android-studio/gradle/m2repository/com/android/tools/build/builder-model/2.2.3/builder-model-2.2.3.jar
7fb6817d6000-7fb6817de000 r--s 0007b000 08:01 7210511                    /home/avalanche/android-studio/gradle/m2repository/com/google/protobuf/protobuf-java/2.5.0/protobuf-java-2.5.0.jar
7fb6817de000-7fb6817e0000 r--s 0000f000 08:01 5647491                    /home/avalanche/android-studio/gradle/m2repository/net/sf/jopt-simple/jopt-simple/4.9/jopt-simple-4.9.jar
7fb6817e0000-7fb6817e4000 r--s 0001f000 08:01 7082185                    /home/avalanche/android-studio/gradle/m2repository/org/jacoco/org.jacoco.report/0.7.5.201505241946/org.jacoco.report-0.7.5.201505241946.jar
7fb6817e4000-7fb6817e8000 r--s 0001d000 08:01 7082175                    /home/avalanche/android-studio/gradle/m2repository/org/jacoco/org.jacoco.core/0.7.5.201505241946/org.jacoco.core-0.7.5.201505241946.jar
7fb6817e8000-7fb6817e9000 r--s 00002000 08:01 6948149                    /home/avalanche/android-studio/gradle/m2repository/net/sf/proguard/proguard-gradle/5.2.1/proguard-gradle-5.2.1.jar
7fb6817e9000-7fb6817eb000 r--s 00009000 08:01 6959907                    /home/avalanche/android-studio/gradle/m2repository/org/ow2/asm/asm-commons/5.0.4/asm-commons-5.0.4.jar
7fb6817eb000-7fb6817ed000 r--s 0000c000 08:01 6566048                    /home/avalanche/android-studio/gradle/m2repository/org/ow2/asm/asm/5.0.4/asm-5.0.4.jar
7fb6817ed000-7fb6817f1000 r--s 0002b000 08:01 7221184                    /home/avalanche/android-studio/gradle/m2repository/com/android/databinding/compilerCommon/2.2.3/compilerCommon-2.2.3.jar
7fb6817f1000-7fb6817f2000 r--s 00002000 08:01 7484126                    /home/avalanche/android-studio/gradle/m2repository/com/android/tools/build/gradle-api/2.2.3/gradle-api-2.2.3.jar
7fb6817f2000-7fb6817f3000 r--s 00000000 08:01 6948346                    /home/avalanche/android-studio/gradle/m2repository/com/android/tools/build/transform-api/2.0.0-deprecated-use-gradle-api/transform-api-2.0.0-deprecated-use-gradle-api.jar
7fb6817f3000-7fb6817f8000 r--s 00053000 08:01 9070665                    /home/avalanche/android-studio/gradle/m2repository/com/android/tools/lint/lint/25.2.3/lint-25.2.3.jar
7fb6817f8000-7fb68180f000 r--s 0015e000 08:01 7472007                    /home/avalanche/android-studio/gradle/m2repository/com/android/tools/build/builder/2.2.3/builder-2.2.3.jar
7fb68180f000-7fb68182c000 r--s 0019d000 08:01 7621075                    /home/avalanche/android-studio/gradle/m2repository/com/android/tools/build/gradle-core/2.2.3/gradle-core-2.2.3.jar
7fb68182c000-7fb68182e000 r--s 0000d000 08:01 7621797                    /home/avalanche/android-studio/gradle/m2repository/com/android/tools/build/gradle/2.2.3/gradle-2.2.3.jar
7fb68182e000-7fb681a2e000 rw-p 00000000 00:00 0 
7fb681a2e000-7fb681a31000 ---p 00000000 00:00 0 
7fb681a31000-7fb681d2f000 rw-p 00000000 00:00 0                          [stack:8693]
7fb681d2f000-7fb681d32000 ---p 00000000 00:00 0 
7fb681d32000-7fb681d68000 rw-p 00000000 00:00 0                          [stack:8692]
7fb681d68000-7fb681d69000 r--p 00000000 00:00 0 
7fb681d69000-7fb681f69000 rw-p 00000000 00:00 0 
7fb681f69000-7fb682169000 rw-p 00000000 00:00 0 
7fb682169000-7fb682369000 rw-p 00000000 00:00 0 
7fb682369000-7fb682569000 rw-p 00000000 00:00 0 
7fb682569000-7fb6825e2000 r--s 010e3000 08:01 19007172                   /usr/lib/jvm/java-8-oracle/lib/tools.jar
7fb6825e2000-7fb6827e2000 rw-p 00000000 00:00 0 
7fb6827e2000-7fb6827e5000 ---p 00000000 00:00 0 
7fb6827e5000-7fb6828e3000 rw-p 00000000 00:00 0                          [stack:8690]
7fb6828e3000-7fb6828e6000 ---p 00000000 00:00 0 
7fb6828e6000-7fb6829e4000 rw-p 00000000 00:00 0                          [stack:8689]
7fb6829e4000-7fb6829e7000 ---p 00000000 00:00 0 
7fb6829e7000-7fb682ae5000 rw-p 00000000 00:00 0                          [stack:8686]
7fb682ae5000-7fb682ae8000 ---p 00000000 00:00 0 
7fb682ae8000-7fb682be6000 rw-p 00000000 00:00 0                          [stack:8685]
7fb682be6000-7fb682be9000 ---p 00000000 00:00 0 
7fb682be9000-7fb682ce7000 rw-p 00000000 00:00 0                          [stack:8684]
7fb682ce7000-7fb682cea000 ---p 00000000 00:00 0 
7fb682cea000-7fb682de8000 rw-p 00000000 00:00 0                          [stack:8683]
7fb682de8000-7fb682def000 r--s 00000000 08:01 8262677                    /usr/lib/x86_64-linux-gnu/gconv/gconv-modules.cache
7fb682def000-7fb682fef000 rw-p 00000000 00:00 0 
7fb682fef000-7fb682ff2000 ---p 00000000 00:00 0 
7fb682ff2000-7fb6830f0000 rw-p 00000000 00:00 0                          [stack:8682]
7fb6830f0000-7fb6830f3000 ---p 00000000 00:00 0 
7fb6830f3000-7fb6831f1000 rw-p 00000000 00:00 0                          [stack:8681]
7fb6831f1000-7fb6831fa000 r-xp 00000000 08:01 19008033                   /usr/lib/jvm/java-8-oracle/jre/lib/amd64/libmanagement.so
7fb6831fa000-7fb6833f9000 ---p 00009000 08:01 19008033                   /usr/lib/jvm/java-8-oracle/jre/lib/amd64/libmanagement.so
7fb6833f9000-7fb6833fa000 rw-p 00008000 08:01 19008033                   /usr/lib/jvm/java-8-oracle/jre/lib/amd64/libmanagement.so
7fb6833fa000-7fb6833fe000 r--s 00097000 08:01 19008097                   /usr/lib/jvm/java-8-oracle/jre/lib/jsse.jar
7fb6833fe000-7fb683400000 r--s 00007000 08:01 5911825                    /home/avalanche/.gradle/wrapper/dists/gradle-2.14.1-all/8bnwg5hd3w55iofp58khbp6yv/gradle-2.14.1/lib/plugins/gradle-tooling-api-builders-2.14.1.jar
7fb683400000-7fb683403000 r--s 00008000 08:01 5911818                    /home/avalanche/.gradle/wrapper/dists/gradle-2.14.1-all/8bnwg5hd3w55iofp58khbp6yv/gradle-2.14.1/lib/plugins/gradle-testing-native-2.14.1.jar
7fb683403000-7fb683405000 r--s 00009000 08:01 5912020                    /home/avalanche/.gradle/wrapper/dists/gradle-2.14.1-all/8bnwg5hd3w55iofp58khbp6yv/gradle-2.14.1/lib/plugins/hamcrest-core-1.3.jar
7fb683405000-7fb68340b000 r--s 00033000 08:01 5912014                    /home/avalanche/.gradle/wrapper/dists/gradle-2.14.1-all/8bnwg5hd3w55iofp58khbp6yv/gradle-2.14.1/lib/plugins/snakeyaml-1.6.jar
7fb68340b000-7fb68340d000 r--s 00006000 08:01 5912013                    /home/avalanche/.gradle/wrapper/dists/gradle-2.14.1-all/8bnwg5hd3w55iofp58khbp6yv/gradle-2.14.1/lib/plugins/jcommander-1.12.jar
7fb68340d000-7fb683412000 r--s 00040000 08:01 5912012                    /home/avalanche/.gradle/wrapper/dists/gradle-2.14.1-all/8bnwg5hd3w55iofp58khbp6yv/gradle-2.14.1/lib/plugins/bsh-2.0b4.jar
7fb683412000-7fb68341b000 r--s 00089000 08:01 5911914                    /home/avalanche/.gradle/wrapper/dists/gradle-2.14.1-all/8bnwg5hd3w55iofp58khbp6yv/gradle-2.14.1/lib/plugins/testng-6.3.1.jar
7fb68341b000-7fb683423000 r--s 00045000 08:01 5911913                    /home/avalanche/.gradle/wrapper/dists/gradle-2.14.1-all/8bnwg5hd3w55iofp58khbp6yv/gradle-2.14.1/lib/plugins/junit-4.12.jar
7fb683423000-7fb683429000 r--s 0002e000 08:01 5911819                    /home/avalanche/.gradle/wrapper/dists/gradle-2.14.1-all/8bnwg5hd3w55iofp58khbp6yv/gradle-2.14.1/lib/plugins/gradle-testing-jvm-2.14.1.jar
7fb683429000-7fb68342e000 r--s 00015000 08:01 5911817                    /home/avalanche/.gradle/wrapper/dists/gradle-2.14.1-all/8bnwg5hd3w55iofp58khbp6yv/gradle-2.14.1/lib/plugins/gradle-testing-base-2.14.1.jar
7fb68342e000-7fb68342f000 r--s 00002000 08:01 5911841                    /home/avalanche/.gradle/wrapper/dists/gradle-2.14.1-all/8bnwg5hd3w55iofp58khbp6yv/gradle-2.14.1/lib/plugins/sonar-batch-bootstrapper-2.9.jar
7fb68342f000-7fb683432000 r--s 00015000 08:01 5911795                    /home/avalanche/.gradle/wrapper/dists/gradle-2.14.1-all/8bnwg5hd3w55iofp58khbp6yv/gradle-2.14.1/lib/plugins/gradle-sonar-2.14.1.jar
7fb683432000-7fb683439000 r--s 00038000 08:01 5911842                    /home/avalanche/.gradle/wrapper/dists/gradle-2.14.1-all/8bnwg5hd3w55iofp58khbp6yv/gradle-2.14.1/lib/plugins/bcpg-jdk15on-1.51.jar
7fb683439000-7fb68343b000 r--s 0000d000 08:01 5911796                    /home/avalanche/.gradle/wrapper/dists/gradle-2.14.1-all/8bnwg5hd3w55iofp58khbp6yv/gradle-2.14.1/lib/plugins/gradle-signing-2.14.1.jar
7fb68343b000-7fb68343e000 r--s 00009000 08:01 5911794                    /home/avalanche/.gradle/wrapper/dists/gradle-2.14.1-all/8bnwg5hd3w55iofp58khbp6yv/gradle-2.14.1/lib/plugins/gradle-scala-2.14.1.jar
7fb68343e000-7fb68343f000 r--s 00004000 08:01 5911823                    /home/avalanche/.gradle/wrapper/dists/gradle-2.14.1-all/8bnwg5hd3w55iofp58khbp6yv/gradle-2.14.1/lib/plugins/gradle-resources-sftp-2.14.1.jar
7fb68343f000-7fb68344f000 r--s 00088000 08:01 5911926                    /home/avalanche/.gradle/wrapper/dists/gradle-2.14.1-all/8bnwg5hd3w55iofp58khbp6yv/gradle-2.14.1/lib/plugins/joda-time-2.8.2.jar
7fb68344f000-7fb683460000 r--s 000cf000 08:01 5911925                    /home/avalanche/.gradle/wrapper/dists/gradle-2.14.1-all/8bnwg5hd3w55iofp58khbp6yv/gradle-2.14.1/lib/plugins/jackson-databind-2.3.2.jar
7fb683460000-7fb683462000 r--s 00007000 08:01 5911924                    /home/avalanche/.gradle/wrapper/dists/gradle-2.14.1-all/8bnwg5hd3w55iofp58khbp6yv/gradle-2.14.1/lib/plugins/jackson-annotations-2.3.2.jar
7fb683462000-7fb683465000 r--s 0002e000 08:01 5911923                    /home/avalanche/.gradle/wrapper/dists/gradle-2.14.1-all/8bnwg5hd3w55iofp58khbp6yv/gradle-2.14.1/lib/plugins/jackson-core-2.3.2.jar
7fb683465000-7fb683470000 r--s 0006b000 08:01 5911922                    /home/avalanche/.gradle/wrapper/dists/gradle-2.14.1-all/8bnwg5hd3w55iofp58khbp6yv/gradle-2.14.1/lib/plugins/aws-java-sdk-core-1.9.19.jar
7fb683470000-7fb683476000 r--s 00036000 08:01 5911921                    /home/avalanche/.gradle/wrapper/dists/gradle-2.14.1-all/8bnwg5hd3w55iofp58khbp6yv/gradle-2.14.1/lib/plugins/aws-java-sdk-kms-1.9.19.jar
7fb683476000-7fb683481000 r--s 00079000 08:01 5911920                    /home/avalanche/.gradle/wrapper/dists/gradle-2.14.1-all/8bnwg5hd3w55iofp58khbp6yv/gradle-2.14.1/lib/plugins/aws-java-sdk-s3-1.9.19.jar
7fb683481000-7fb683482000 r--s 00003000 08:01 5911824                    /home/avalanche/.gradle/wrapper/dists/gradle-2.14.1-all/8bnwg5hd3w55iofp58khbp6yv/gradle-2.14.1/lib/plugins/gradle-resources-s3-2.14.1.jar
7fb683482000-7fb683484000 r--s 00005000 08:01 5911846                    /home/avalanche/.gradle/wrapper/dists/gradle-2.14.1-all/8bnwg5hd3w55iofp58khbp6yv/gradle-2.14.1/lib/plugins/jatl-0.2.2.jar
7fb683484000-7fb683486000 r--s 0000f000 08:01 5911801                    /home/avalanche/.gradle/wrapper/dists/gradle-2.14.1-all/8bnwg5hd3w55iofp58khbp6yv/gradle-2.14.1/lib/plugins/gradle-reporting-2.14.1.jar
7fb683486000-7fb68348c000 r--s 00033000 08:01 5911786                    /home/avalanche/.gradle/wrapper/dists/gradle-2.14.1-all/8bnwg5hd3w55iofp58khbp6yv/gradle-2.14.1/lib/plugins/gradle-plugins-2.14.1.jar
7fb68348c000-7fb683499000 r--s 0004d000 08:01 5911812                    /home/avalanche/.gradle/wrapper/dists/gradle-2.14.1-all/8bnwg5hd3w55iofp58khbp6yv/gradle-2.14.1/lib/plugins/gradle-platform-native-2.14.1.jar
7fb683499000-7fb6834ba000 r--s 001c3000 08:01 5911836                    /home/avalanche/.gradle/wrapper/dists/gradle-2.14.1-all/8bnwg5hd3w55iofp58khbp6yv/gradle-2.14.1/lib/plugins/bndlib-2.4.0.jar
7fb6834ba000-7fb6834d0000 r-xp 00000000 08:01 14155781                   /lib/x86_64-linux-gnu/libgcc_s.so.1
7fb6834d0000-7fb6836cf000 ---p 00016000 08:01 14155781                   /lib/x86_64-linux-gnu/libgcc_s.so.1
7fb6836cf000-7fb6836d0000 rw-p 00015000 08:01 14155781                   /lib/x86_64-linux-gnu/libgcc_s.so.1
7fb6836d0000-7fb6837b6000 r-xp 00000000 08:01 7866990                    /usr/lib/x86_64-linux-gnu/libstdc++.so.6.0.19
7fb6837b6000-7fb6839b5000 ---p 000e6000 08:01 7866990                    /usr/lib/x86_64-linux-gnu/libstdc++.so.6.0.19
7fb6839b5000-7fb6839bd000 r--p 000e5000 08:01 7866990                    /usr/lib/x86_64-linux-gnu/libstdc++.so.6.0.19
7fb6839bd000-7fb6839bf000 rw-p 000ed000 08:01 7866990                    /usr/lib/x86_64-linux-gnu/libstdc++.so.6.0.19
7fb6839bf000-7fb6839d4000 rw-p 00000000 00:00 0 
7fb6839d4000-7fb6839d8000 r-xp 00000000 08:01 5637390                    /home/avalanche/.gradle/native/19/linux-amd64/libnative-platform.so
7fb6839d8000-7fb683bd7000 ---p 00004000 08:01 5637390                    /home/avalanche/.gradle/native/19/linux-amd64/libnative-platform.so
7fb683bd7000-7fb683bd8000 rw-p 00003000 08:01 5637390                    /home/avalanche/.gradle/native/19/linux-amd64/libnative-platform.so
7fb683bd8000-7fb683be9000 r-xp 00000000 08:01 19008032                   /usr/lib/jvm/java-8-oracle/jre/lib/amd64/libnio.so
7fb683be9000-7fb683de8000 ---p 00011000 08:01 19008032                   /usr/lib/jvm/java-8-oracle/jre/lib/amd64/libnio.so
7fb683de8000-7fb683de9000 rw-p 00010000 08:01 19008032                   /usr/lib/jvm/java-8-oracle/jre/lib/amd64/libnio.so
7fb683de9000-7fb683dff000 r-xp 00000000 08:01 19008005                   /usr/lib/jvm/java-8-oracle/jre/lib/amd64/libnet.so
7fb683dff000-7fb683fff000 ---p 00016000 08:01 19008005                   /usr/lib/jvm/java-8-oracle/jre/lib/amd64/libnet.so
7fb683fff000-7fb684000000 rw-p 00016000 08:01 19008005                   /usr/lib/jvm/java-8-oracle/jre/lib/amd64/libnet.so
7fb684000000-7fb6847a5000 rw-p 00000000 00:00 0 
7fb6847a5000-7fb688000000 ---p 00000000 00:00 0 
7fb688000000-7fb688021000 rw-p 00000000 00:00 0 
7fb688021000-7fb68c000000 ---p 00000000 00:00 0 
7fb68c000000-7fb68c021000 rw-p 00000000 00:00 0 
7fb68c021000-7fb690000000 ---p 00000000 00:00 0 
7fb690000000-7fb6910bd000 rw-p 00000000 00:00 0 
7fb6910bd000-7fb694000000 ---p 00000000 00:00 0 
7fb694000000-7fb694021000 rw-p 00000000 00:00 0 
7fb694021000-7fb698000000 ---p 00000000 00:00 0 
7fb698000000-7fb698021000 rw-p 00000000 00:00 0 
7fb698021000-7fb69c000000 ---p 00000000 00:00 0 
7fb69c000000-7fb69c021000 rw-p 00000000 00:00 0 
7fb69c021000-7fb6a0000000 ---p 00000000 00:00 0 
7fb6a0000000-7fb6a002e000 rw-p 00000000 00:00 0 
7fb6a002e000-7fb6a4000000 ---p 00000000 00:00 0 
7fb6a4000000-7fb6a4002000 r--s 00002000 08:01 5911802                    /home/avalanche/.gradle/wrapper/dists/gradle-2.14.1-all/8bnwg5hd3w55iofp58khbp6yv/gradle-2.14.1/lib/plugins/gradle-publish-2.14.1.jar
7fb6a4002000-7fb6a4004000 r--s 00009000 08:01 5911828                    /home/avalanche/.gradle/wrapper/dists/gradle-2.14.1-all/8bnwg5hd3w55iofp58khbp6yv/gradle-2.14.1/lib/plugins/commons-cli-1.2.jar
7fb6a4004000-7fb6a4006000 r--s 00007000 08:01 5911820                    /home/avalanche/.gradle/wrapper/dists/gradle-2.14.1-all/8bnwg5hd3w55iofp58khbp6yv/gradle-2.14.1/lib/plugins/gradle-plugin-development-2.14.1.jar
7fb6a4006000-7fb6a400c000 r--s 0002a000 08:01 5911813                    /home/avalanche/.gradle/wrapper/dists/gradle-2.14.1-all/8bnwg5hd3w55iofp58khbp6yv/gradle-2.14.1/lib/plugins/gradle-platform-play-2.14.1.jar
7fb6a400c000-7fb6a4010000 r--s 0001a000 08:01 5911807                    /home/avalanche/.gradle/wrapper/dists/gradle-2.14.1-all/8bnwg5hd3w55iofp58khbp6yv/gradle-2.14.1/lib/plugins/gradle-platform-jvm-2.14.1.jar
7fb6a4010000-7fb6a4017000 r--s 00029000 08:01 5911806                    /home/avalanche/.gradle/wrapper/dists/gradle-2.14.1-all/8bnwg5hd3w55iofp58khbp6yv/gradle-2.14.1/lib/plugins/gradle-platform-base-2.14.1.jar
7fb6a4017000-7fb6a4019000 r--s 00003000 08:01 5911790                    /home/avalanche/.gradle/wrapper/dists/gradle-2.14.1-all/8bnwg5hd3w55iofp58khbp6yv/gradle-2.14.1/lib/plugins/gradle-osgi-2.14.1.jar
7fb6a4019000-7fb6a401c000 r--s 0000c000 08:01 5911839                    /home/avalanche/.gradle/wrapper/dists/gradle-2.14.1-all/8bnwg5hd3w55iofp58khbp6yv/gradle-2.14.1/lib/plugins/pmaven-groovy-0.8-20100325.jar
7fb6a401c000-7fb6a401d000 r--s 00004000 08:01 5911838                    /home/avalanche/.gradle/wrapper/dists/gradle-2.14.1-all/8bnwg5hd3w55iofp58khbp6yv/gradle-2.14.1/lib/plugins/pmaven-common-0.8-20100325.jar
7fb6a401d000-7fb6a4023000 r--s 00022000 08:01 5911791                    /home/avalanche/.gradle/wrapper/dists/gradle-2.14.1-all/8bnwg5hd3w55iofp58khbp6yv/gradle-2.14.1/lib/plugins/gradle-maven-2.14.1.jar
7fb6a4023000-7fb6a4025000 r--s 0000a000 08:01 5911811                    /home/avalanche/.gradle/wrapper/dists/gradle-2.14.1-all/8bnwg5hd3w55iofp58khbp6yv/gradle-2.14.1/lib/plugins/gradle-language-scala-2.14.1.jar
7fb6a4025000-7fb6a402b000 r--s 0001a000 08:01 5911815                    /home/avalanche/.gradle/wrapper/dists/gradle-2.14.1-all/8bnwg5hd3w55iofp58khbp6yv/gradle-2.14.1/lib/plugins/gradle-language-native-2.14.1.jar
7fb6a402b000-7fb6a402d000 r--s 00008000 08:01 5911808                    /home/avalanche/.gradle/wrapper/dists/gradle-2.14.1-all/8bnwg5hd3w55iofp58khbp6yv/gradle-2.14.1/lib/plugins/gradle-language-jvm-2.14.1.jar
7fb6a402d000-7fb6a4033000 r--s 00024000 08:01 5911809                    /home/avalanche/.gradle/wrapper/dists/gradle-2.14.1-all/8bnwg5hd3w55iofp58khbp6yv/gradle-2.14.1/lib/plugins/gradle-language-java-2.14.1.jar
7fb6a4033000-7fb6a4035000 r--s 0000a000 08:01 5911810                    /home/avalanche/.gradle/wrapper/dists/gradle-2.14.1-all/8bnwg5hd3w55iofp58khbp6yv/gradle-2.14.1/lib/plugins/gradle-language-groovy-2.14.1.jar
7fb6a4035000-7fb6a4038000 r--s 0001e000 08:01 5911987                    /home/avalanche/.gradle/wrapper/dists/gradle-2.14.1-all/8bnwg5hd3w55iofp58khbp6yv/gradle-2.14.1/lib/plugins/jsp-api-2.1-6.1.14.jar
7fb6a4038000-7fb6a405b000 r--s 00344000 08:01 5911986                    /home/avalanche/.gradle/wrapper/dists/gradle-2.14.1-all/8bnwg5hd3w55iofp58khbp6yv/gradle-2.14.1/lib/plugins/core-3.1.1.jar
7fb6a405b000-7fb6a405c000 r--s 00006000 08:01 5911985                    /home/avalanche/.gradle/wrapper/dists/gradle-2.14.1-all/8bnwg5hd3w55iofp58khbp6yv/gradle-2.14.1/lib/plugins/jetty-naming-6.1.25.jar
7fb6a405c000-7fb6a405d000 r--s 00002000 08:01 5911835                    /home/avalanche/.gradle/wrapper/dists/gradle-2.14.1-all/8bnwg5hd3w55iofp58khbp6yv/gradle-2.14.1/lib/plugins/geronimo-annotation_1.0_spec-1.0.jar
7fb6a405d000-7fb6a405f000 r--s 00002000 08:01 5911834                    /home/avalanche/.gradle/wrapper/dists/gradle-2.14.1-all/8bnwg5hd3w55iofp58khbp6yv/gradle-2.14.1/lib/plugins/jetty-annotations-6.1.25.jar
7fb6a405f000-7fb6a4070000 r--s 000ea000 08:01 5911833                    /home/avalanche/.gradle/wrapper/dists/gradle-2.14.1-all/8bnwg5hd3w55iofp58khbp6yv/gradle-2.14.1/lib/plugins/jsp-2.1-6.1.14.jar
7fb6a4070000-7fb6a4072000 r--s 0000d000 08:01 5911832                    /home/avalanche/.gradle/wrapper/dists/gradle-2.14.1-all/8bnwg5hd3w55iofp58khbp6yv/gradle-2.14.1/lib/plugins/jetty-plus-6.1.25.jar
7fb6a4072000-7fb6a4074000 r--s 0001f000 08:01 5911831                    /home/avalanche/.gradle/wrapper/dists/gradle-2.14.1-all/8bnwg5hd3w55iofp58khbp6yv/gradle-2.14.1/lib/plugins/servlet-api-2.5-20081211.jar
7fb6a4074000-7fb6a4078000 r--s 00028000 08:01 5911830                    /home/avalanche/.gradle/wrapper/dists/gradle-2.14.1-all/8bnwg5hd3w55iofp58khbp6yv/gradle-2.14.1/lib/plugins/jetty-util-6.1.25.jar
7fb6a4078000-7fb6a407f000 r--s 0007d000 08:01 5911829                    /home/avalanche/.gradle/wrapper/dists/gradle-2.14.1-all/8bnwg5hd3w55iofp58khbp6yv/gradle-2.14.1/lib/plugins/jetty-6.1.25.jar
7fb6a407f000-7fb6a4081000 r--s 00009000 08:01 5911788                    /home/avalanche/.gradle/wrapper/dists/gradle-2.14.1-all/8bnwg5hd3w55iofp58khbp6yv/gradle-2.14.1/lib/plugins/gradle-jetty-2.14.1.jar
7fb6a4081000-7fb6a4088000 r--s 00035000 08:01 5911845                    /home/avalanche/.gradle/wrapper/dists/gradle-2.14.1-all/8bnwg5hd3w55iofp58khbp6yv/gradle-2.14.1/lib/plugins/simple-4.1.21.jar
7fb6a4088000-7fb6a4094000 r--s 00100000 08:01 5911843                    /home/avalanche/.gradle/wrapper/dists/gradle-2.14.1-all/8bnwg5hd3w55iofp58khbp6yv/gradle-2.14.1/lib/plugins/rhino-1.7R3.jar
7fb6a4094000-7fb6a4098000 r--s 00011000 08:01 5911798                    /home/avalanche/.gradle/wrapper/dists/gradle-2.14.1-all/8bnwg5hd3w55iofp58khbp6yv/gradle-2.14.1/lib/plugins/gradle-javascript-2.14.1.jar
7fb6a4098000-7fb6a409a000 r--s 0000c000 08:01 5911804                    /home/avalanche/.gradle/wrapper/dists/gradle-2.14.1-all/8bnwg5hd3w55iofp58khbp6yv/gradle-2.14.1/lib/plugins/gradle-jacoco-2.14.1.jar
7fb6a409a000-7fb6a409d000 r--s 0000e000 08:01 5911803                    /home/avalanche/.gradle/wrapper/dists/gradle-2.14.1-all/8bnwg5hd3w55iofp58khbp6yv/gradle-2.14.1/lib/plugins/gradle-ivy-2.14.1.jar
7fb6a409d000-7fb6a409e000 r--s 00002000 08:01 5911814                    /home/avalanche/.gradle/wrapper/dists/gradle-2.14.1-all/8bnwg5hd3w55iofp58khbp6yv/gradle-2.14.1/lib/plugins/gradle-ide-play-2.14.1.jar
7fb6a409e000-7fb6a40a3000 r--s 0002b000 08:01 5911816                    /home/avalanche/.gradle/wrapper/dists/gradle-2.14.1-all/8bnwg5hd3w55iofp58khbp6yv/gradle-2.14.1/lib/plugins/gradle-ide-native-2.14.1.jar
7fb6a40a3000-7fb6a40ae000 r--s 00066000 08:01 5911792                    /home/avalanche/.gradle/wrapper/dists/gradle-2.14.1-all/8bnwg5hd3w55iofp58khbp6yv/gradle-2.14.1/lib/plugins/gradle-ide-2.14.1.jar
7fb6a40ae000-7fb6a40af000 r--s 00008000 08:01 5911797                    /home/avalanche/.gradle/wrapper/dists/gradle-2.14.1-all/8bnwg5hd3w55iofp58khbp6yv/gradle-2.14.1/lib/plugins/gradle-ear-2.14.1.jar
7fb6a40af000-7fb6a40b5000 r--s 00032000 08:01 5911800                    /home/avalanche/.gradle/wrapper/dists/gradle-2.14.1-all/8bnwg5hd3w55iofp58khbp6yv/gradle-2.14.1/lib/plugins/gradle-diagnostics-2.14.1.jar
7fb6a40b5000-7fb6a40b9000 r--s 00021000 08:01 5911787                    /home/avalanche/.gradle/wrapper/dists/gradle-2.14.1-all/8bnwg5hd3w55iofp58khbp6yv/gradle-2.14.1/lib/plugins/gradle-code-quality-2.14.1.jar
7fb6a40b9000-7fb6a40bd000 r--s 0001f000 08:01 5911805                    /home/avalanche/.gradle/wrapper/dists/gradle-2.14.1-all/8bnwg5hd3w55iofp58khbp6yv/gradle-2.14.1/lib/plugins/gradle-build-init-2.14.1.jar
7fb6a40bd000-7fb6a40c4000 r--s 0008e000 08:01 5911799                    /home/avalanche/.gradle/wrapper/dists/gradle-2.14.1-all/8bnwg5hd3w55iofp58khbp6yv/gradle-2.14.1/lib/plugins/gradle-build-comparison-2.14.1.jar
7fb6a40c4000-7fb6a40c6000 r--s 00008000 08:01 5911789                    /home/avalanche/.gradle/wrapper/dists/gradle-2.14.1-all/8bnwg5hd3w55iofp58khbp6yv/gradle-2.14.1/lib/plugins/gradle-antlr-2.14.1.jar
7fb6a40c6000-7fb6a40c8000 r--s 00004000 08:01 5911793                    /home/avalanche/.gradle/wrapper/dists/gradle-2.14.1-all/8bnwg5hd3w55iofp58khbp6yv/gradle-2.14.1/lib/plugins/gradle-announce-2.14.1.jar
7fb6a40c8000-7fb6a40e0000 r--s 00115000 08:01 5912017                    /home/avalanche/.gradle/wrapper/dists/gradle-2.14.1-all/8bnwg5hd3w55iofp58khbp6yv/gradle-2.14.1/lib/plugins/xercesImpl-2.9.1.jar
7fb6a40e0000-7fb6a40e8000 r--s 00028000 08:01 5912018                    /home/avalanche/.gradle/wrapper/dists/gradle-2.14.1-all/8bnwg5hd3w55iofp58khbp6yv/gradle-2.14.1/lib/plugins/xml-apis-1.3.04.jar
7fb6a40e8000-7fb6a40ee000 r--s 0005b000 08:01 5912016                    /home/avalanche/.gradle/wrapper/dists/gradle-2.14.1-all/8bnwg5hd3w55iofp58khbp6yv/gradle-2.14.1/lib/plugins/jcifs-1.3.17.jar
7fb6a40ee000-7fb6a40f5000 r--s 00049000 08:01 5912015                    /home/avalanche/.gradle/wrapper/dists/gradle-2.14.1-all/8bnwg5hd3w55iofp58khbp6yv/gradle-2.14.1/lib/plugins/httpcore-4.4.4.jar
7fb6a40f5000-7fb6a40fb000 r--s 00033000 08:01 5911840                    /home/avalanche/.gradle/wrapper/dists/gradle-2.14.1-all/8bnwg5hd3w55iofp58khbp6yv/gradle-2.14.1/lib/plugins/commons-codec-1.6.jar
7fb6a40fb000-7fb6a40fe000 r--s 0001c000 08:01 5911916                    /home/avalanche/.gradle/wrapper/dists/gradle-2.14.1-all/8bnwg5hd3w55iofp58khbp6yv/gradle-2.14.1/lib/plugins/nekohtml-1.9.14.jar
7fb6a40fe000-7fb6a410b000 r--s 000a4000 08:01 5911915                    /home/avalanche/.gradle/wrapper/dists/gradle-2.14.1-all/8bnwg5hd3w55iofp58khbp6yv/gradle-2.14.1/lib/plugins/httpclient-4.4.1.jar
7fb6a410b000-7fb6a410d000 r--s 0000a000 08:01 5911822                    /home/avalanche/.gradle/wrapper/dists/gradle-2.14.1-all/8bnwg5hd3w55iofp58khbp6yv/gradle-2.14.1/lib/plugins/gradle-resources-http-2.14.1.jar
7fb6a410d000-7fb6a4111000 r--s 00014000 08:01 5911821                    /home/avalanche/.gradle/wrapper/dists/gradle-2.14.1-all/8bnwg5hd3w55iofp58khbp6yv/gradle-2.14.1/lib/plugins/gradle-plugin-use-2.14.1.jar
7fb6a4111000-7fb6a4112000 r--s 00000000 08:01 5911737                    /home/avalanche/.gradle/wrapper/dists/gradle-2.14.1-all/8bnwg5hd3w55iofp58khbp6yv/gradle-2.14.1/lib/gradle-installation-beacon-2.14.1.jar
7fb6a4112000-7fb6a4113000 r--s 00007000 08:01 5912011                    /home/avalanche/.gradle/wrapper/dists/gradle-2.14.1-all/8bnwg5hd3w55iofp58khbp6yv/gradle-2.14.1/lib/plugins/wagon-http-shared4-2.4.jar
7fb6a4113000-7fb6a4117000 r--s 00033000 08:01 5912010                    /home/avalanche/.gradle/wrapper/dists/gradle-2.14.1-all/8bnwg5hd3w55iofp58khbp6yv/gradle-2.14.1/lib/plugins/plexus-utils-2.0.6.jar
7fb6a4117000-7fb6a411b000 r--s 00021000 08:01 5912009                    /home/avalanche/.gradle/wrapper/dists/gradle-2.14.1-all/8bnwg5hd3w55iofp58khbp6yv/gradle-2.14.1/lib/plugins/maven-model-builder-3.0.4.jar
7fb6a411b000-7fb6a411c000 r--s 00002000 08:01 5912008                    /home/avalanche/.gradle/wrapper/dists/gradle-2.14.1-all/8bnwg5hd3w55iofp58khbp6yv/gradle-2.14.1/lib/plugins/wagon-file-2.4.jar
7fb6a411c000-7fb6a411e000 r--s 00002000 08:01 5912007                    /home/avalanche/.gradle/wrapper/dists/gradle-2.14.1-all/8bnwg5hd3w55iofp58khbp6yv/gradle-2.14.1/lib/plugins/plexus-cipher-1.7.jar
7fb6a411e000-7fb6a4121000 r--s 00013000 08:01 5912006                    /home/avalanche/.gradle/wrapper/dists/gradle-2.14.1-all/8bnwg5hd3w55iofp58khbp6yv/gradle-2.14.1/lib/plugins/aether-api-1.13.1.jar
7fb6a4121000-7fb6a4123000 r--s 0000a000 08:01 5912005                    /home/avalanche/.gradle/wrapper/dists/gradle-2.14.1-all/8bnwg5hd3w55iofp58khbp6yv/gradle-2.14.1/lib/plugins/maven-settings-3.0.4.jar
7fb6a4123000-7fb6a4125000 r--s 0000d000 08:01 5912004                    /home/avalanche/.gradle/wrapper/dists/gradle-2.14.1-all/8bnwg5hd3w55iofp58khbp6yv/gradle-2.14.1/lib/plugins/plexus-interpolation-1.14.jar
7fb6a4125000-7fb6a4127000 r--s 0000b000 08:01 5912003                    /home/avalanche/.gradle/wrapper/dists/gradle-2.14.1-all/8bnwg5hd3w55iofp58khbp6yv/gradle-2.14.1/lib/plugins/maven-artifact-3.0.4.jar
7fb6a4127000-7fb6a412e000 r--s 0002e000 08:01 5912002                    /home/avalanche/.gradle/wrapper/dists/gradle-2.14.1-all/8bnwg5hd3w55iofp58khbp6yv/gradle-2.14.1/lib/plugins/plexus-container-default-1.5.5.jar
7fb6a412e000-7fb6a4130000 r--s 0000b000 08:01 5912001                    /home/avalanche/.gradle/wrapper/dists/gradle-2.14.1-all/8bnwg5hd3w55iofp58khbp6yv/gradle-2.14.1/lib/plugins/maven-plugin-api-3.0.4.jar
7fb6a4130000-7fb6a4132000 r--s 00000000 08:01 5912019                    /home/avalanche/.gradle/wrapper/dists/gradle-2.14.1-all/8bnwg5hd3w55iofp58khbp6yv/gradle-2.14.1/lib/plugins/plexus-component-annotations-1.5.5.jar
7fb6a4132000-7fb6a4138000 r--s 0003f000 08:01 5912000                    /home/avalanche/.gradle/wrapper/dists/gradle-2.14.1-all/8bnwg5hd3w55iofp58khbp6yv/gradle-2.14.1/lib/plugins/maven-compat-3.0.4.jar
7fb6a4138000-7fb6a413b000 r--s 00008000 08:01 5911999                    /home/avalanche/.gradle/wrapper/dists/gradle-2.14.1-all/8bnwg5hd3w55iofp58khbp6yv/gradle-2.14.1/lib/plugins/maven-settings-builder-3.0.4.jar
7fb6a413b000-7fb6a413c000 r--s 00002000 08:01 5911998                    /home/avalanche/.gradle/wrapper/dists/gradle-2.14.1-all/8bnwg5hd3w55iofp58khbp6yv/gradle-2.14.1/lib/plugins/wagon-http-2.4.jar
7fb6a413c000-7fb6a413e000 r--s 00026000 08:01 5911997                    /home/avalanche/.gradle/wrapper/dists/gradle-2.14.1-all/8bnwg5hd3w55iofp58khbp6yv/gradle-2.14.1/lib/plugins/maven-model-3.0.4.jar
7fb6a413e000-7fb6a4140000 r--s 00006000 08:01 5911996                    /home/avalanche/.gradle/wrapper/dists/gradle-2.14.1-all/8bnwg5hd3w55iofp58khbp6yv/gradle-2.14.1/lib/plugins/aether-connector-wagon-1.13.1.jar
7fb6a4140000-7fb6a4142000 r--s 0000a000 08:01 5911995                    /home/avalanche/.gradle/wrapper/dists/gradle-2.14.1-all/8bnwg5hd3w55iofp58khbp6yv/gradle-2.14.1/lib/plugins/plexus-classworlds-2.4.jar
7fb6a4142000-7fb6a4144000 r--s 00006000 08:01 5911994                    /home/avalanche/.gradle/wrapper/dists/gradle-2.14.1-all/8bnwg5hd3w55iofp58khbp6yv/gradle-2.14.1/lib/plugins/maven-repository-metadata-3.0.4.jar
7fb6a4144000-7fb6a4146000 r--s 0000c000 08:01 5911993                    /home/avalanche/.gradle/wrapper/dists/gradle-2.14.1-all/8bnwg5hd3w55iofp58khbp6yv/gradle-2.14.1/lib/plugins/maven-aether-provider-3.0.4.jar
7fb6a4146000-7fb6a4148000 r--s 0000b000 08:01 5911992                    /home/avalanche/.gradle/wrapper/dists/gradle-2.14.1-all/8bnwg5hd3w55iofp58khbp6yv/gradle-2.14.1/lib/plugins/wagon-provider-api-2.4.jar
7fb6a4148000-7fb6a4149000 r--s 00003000 08:01 5911991                    /home/avalanche/.gradle/wrapper/dists/gradle-2.14.1-all/8bnwg5hd3w55iofp58khbp6yv/gradle-2.14.1/lib/plugins/aether-spi-1.13.1.jar
7fb6a4149000-7fb6a414d000 r--s 0001c000 08:01 5911990                    /home/avalanche/.gradle/wrapper/dists/gradle-2.14.1-all/8bnwg5hd3w55iofp58khbp6yv/gradle-2.14.1/lib/plugins/aether-util-1.13.1.jar
7fb6a414d000-7fb6a4150000 r--s 0001d000 08:01 5911989                    /home/avalanche/.gradle/wrapper/dists/gradle-2.14.1-all/8bnwg5hd3w55iofp58khbp6yv/gradle-2.14.1/lib/plugins/aether-impl-1.13.1.jar
7fb6a4150000-7fb6a4151000 r--s 00006000 08:01 5911988                    /home/avalanche/.gradle/wrapper/dists/gradle-2.14.1-all/8bnwg5hd3w55iofp58khbp6yv/gradle-2.14.1/lib/plugins/plexus-sec-dispatcher-1.3.jar
7fb6a4151000-7fb6a4156000 r--s 00040000 08:01 5911919                    /home/avalanche/.gradle/wrapper/dists/gradle-2.14.1-all/8bnwg5hd3w55iofp58khbp6yv/gradle-2.14.1/lib/plugins/jsch-0.1.53.jar
7fb6a4156000-7fb6a4196000 r--s 00277000 08:01 5911984                    /home/avalanche/.gradle/wrapper/dists/gradle-2.14.1-all/8bnwg5hd3w55iofp58khbp6yv/gradle-2.14.1/lib/plugins/bcprov-jdk15on-1.51.jar
7fb6a4196000-7fb6a419a000 r--s 0001d000 08:01 5911928                    /home/avalanche/.gradle/wrapper/dists/gradle-2.14.1-all/8bnwg5hd3w55iofp58khbp6yv/gradle-2.14.1/lib/plugins/xbean-reflect-3.4.jar
7fb6a419a000-7fb6a41a6000 r--s 0007d000 08:01 5911837                    /home/avalanche/.gradle/wrapper/dists/gradle-2.14.1-all/8bnwg5hd3w55iofp58khbp6yv/gradle-2.14.1/lib/plugins/maven-core-3.0.4.jar
7fb6a41a6000-7fb6a41ab000 r--s 0002a000 08:01 5911844                    /home/avalanche/.gradle/wrapper/dists/gradle-2.14.1-all/8bnwg5hd3w55iofp58khbp6yv/gradle-2.14.1/lib/plugins/gson-2.2.4.jar
7fb6a41ab000-7fb6a41ba000 r--s 000d9000 08:01 5911927                    /home/avalanche/.gradle/wrapper/dists/gradle-2.14.1-all/8bnwg5hd3w55iofp58khbp6yv/gradle-2.14.1/lib/plugins/ivy-2.2.0.jar
7fb6a41ba000-7fb6a41d6000 r--s 000d3000 08:01 5911826                    /home/avalanche/.gradle/wrapper/dists/gradle-2.14.1-all/8bnwg5hd3w55iofp58khbp6yv/gradle-2.14.1/lib/plugins/gradle-dependency-management-2.14.1.jar
7fb6a41d6000-7fb6a41d8000 r--s 00005000 08:01 5909677                    /home/avalanche/.gradle/wrapper/dists/gradle-2.14.1-all/8bnwg5hd3w55iofp58khbp6yv/gradle-2.14.1/lib/gradle-wrapper-2.14.1.jar
7fb6a41d8000-7fb6a41e6000 r--s 0004f000 08:01 5911743                    /home/avalanche/.gradle/wrapper/dists/gradle-2.14.1-all/8bnwg5hd3w55iofp58khbp6yv/gradle-2.14.1/lib/gradle-tooling-api-2.14.1.jar
7fb6a41e6000-7fb6a41e8000 r--s 00002000 08:01 5911763                    /home/avalanche/.gradle/wrapper/dists/gradle-2.14.1-all/8bnwg5hd3w55iofp58khbp6yv/gradle-2.14.1/lib/gradle-open-api-2.14.1.jar
7fb6a41e8000-7fb6a41ee000 r--s 00032000 08:01 5911765                    /home/avalanche/.gradle/wrapper/dists/gradle-2.14.1-all/8bnwg5hd3w55iofp58khbp6yv/gradle-2.14.1/lib/jaxen-1.1.jar
7fb6a41ee000-7fb6a41f3000 r--s 00048000 08:01 5911764                    /home/avalanche/.gradle/wrapper/dists/gradle-2.14.1-all/8bnwg5hd3w55iofp58khbp6yv/gradle-2.14.1/lib/dom4j-1.6.1.jar
7fb6a41f3000-7fb6a41fe000 r--s 00059000 08:01 5911742                    /home/avalanche/.gradle/wrapper/dists/gradle-2.14.1-all/8bnwg5hd3w55iofp58khbp6yv/gradle-2.14.1/lib/gradle-ui-2.14.1.jar
7fb6a41fe000-7fb6a4201000 r--s 0000b000 08:01 5911761                    /home/avalanche/.gradle/wrapper/dists/gradle-2.14.1-all/8bnwg5hd3w55iofp58khbp6yv/gradle-2.14.1/lib/gradle-resources-2.14.1.jar
7fb6a4201000-7fb6a4203000 r--s 00003000 08:01 5911773                    /home/avalanche/.gradle/wrapper/dists/gradle-2.14.1-all/8bnwg5hd3w55iofp58khbp6yv/gradle-2.14.1/lib/jcl-over-slf4j-1.7.10.jar
7fb6a4203000-7fb6a4204000 r--s 00005000 08:01 5911772                    /home/avalanche/.gradle/wrapper/dists/gradle-2.14.1-all/8bnwg5hd3w55iofp58khbp6yv/gradle-2.14.1/lib/log4j-over-slf4j-1.7.10.jar
7fb6a4204000-7fb6a4206000 r--s 00000000 08:01 5911771                    /home/avalanche/.gradle/wrapper/dists/gradle-2.14.1-all/8bnwg5hd3w55iofp58khbp6yv/gradle-2.14.1/lib/jul-to-slf4j-1.7.10.jar
7fb6a4206000-7fb6a420b000 r--s 0001c000 08:01 5911760                    /home/avalanche/.gradle/wrapper/dists/gradle-2.14.1-all/8bnwg5hd3w55iofp58khbp6yv/gradle-2.14.1/lib/gradle-logging-2.14.1.jar
7fb6a420b000-7fb6a420d000 r--s 00007000 08:01 5911784                    /home/avalanche/.gradle/wrapper/dists/gradle-2.14.1-all/8bnwg5hd3w55iofp58khbp6yv/gradle-2.14.1/lib/objenesis-1.2.jar
7fb6a420d000-7fb6a420f000 r--s 00000000 08:01 5911783                    /home/avalanche/.gradle/wrapper/dists/gradle-2.14.1-all/8bnwg5hd3w55iofp58khbp6yv/gradle-2.14.1/lib/minlog-1.2.jar
7fb6a420f000-7fb6a4211000 r--s 0000f000 08:01 5911782                    /home/avalanche/.gradle/wrapper/dists/gradle-2.14.1-all/8bnwg5hd3w55iofp58khbp6yv/gradle-2.14.1/lib/reflectasm-1.07-shaded.jar
7fb6a4211000-7fb6a4217000 r--s 00025000 08:01 5911759                    /home/avalanche/.gradle/wrapper/dists/gradle-2.14.1-all/8bnwg5hd3w55iofp58khbp6yv/gradle-2.14.1/lib/gradle-messaging-2.14.1.jar
7fb6a4217000-7fb6a4218000 ---p 00000000 00:00 0 
7fb6a4218000-7fb6a4318000 rw-p 00000000 00:00 0                          [stack:8680]
7fb6a4318000-7fb6a431b000 ---p 00000000 00:00 0 
7fb6a431b000-7fb6a4419000 rw-p 00000000 00:00 0                          [stack:8679]
7fb6a4419000-7fb6a441c000 ---p 00000000 00:00 0 
7fb6a441c000-7fb6a451a000 rw-p 00000000 00:00 0                          [stack:8678]
7fb6a451a000-7fb6a451d000 ---p 00000000 00:00 0 
7fb6a451d000-7fb6a461b000 rw-p 00000000 00:00 0                          [stack:8677]
7fb6a461b000-7fb6a461e000 ---p 00000000 00:00 0 
7fb6a461e000-7fb6a471c000 rw-p 00000000 00:00 0                          [stack:8676]
7fb6a471c000-7fb6a4dfe000 r--p 00000000 08:01 7871030                    /usr/lib/locale/locale-archive
7fb6a4dfe000-7fb6a4e01000 ---p 00000000 00:00 0 
7fb6a4e01000-7fb6a4eff000 rw-p 00000000 00:00 0                          [stack:8675]
7fb6a4eff000-7fb6a4f02000 ---p 00000000 00:00 0 
7fb6a4f02000-7fb6a8000000 rw-p 00000000 00:00 0                          [stack:8674]
7fb6a8000000-7fb6a802f000 rw-p 00000000 00:00 0 
7fb6a802f000-7fb6ac000000 ---p 00000000 00:00 0 
7fb6ac000000-7fb6ac004000 r--s 00026000 08:01 5911770                    /home/avalanche/.gradle/wrapper/dists/gradle-2.14.1-all/8bnwg5hd3w55iofp58khbp6yv/gradle-2.14.1/lib/kryo-2.20.jar
7fb6ac004000-7fb6ac005000 r--s 00003000 08:01 5911781                    /home/avalanche/.gradle/wrapper/dists/gradle-2.14.1-all/8bnwg5hd3w55iofp58khbp6yv/gradle-2.14.1/lib/native-platform-freebsd-amd64-0.10.jar
7fb6ac005000-7fb6ac006000 r--s 00003000 08:01 5911780                    /home/avalanche/.gradle/wrapper/dists/gradle-2.14.1-all/8bnwg5hd3w55iofp58khbp6yv/gradle-2.14.1/lib/native-platform-freebsd-i386-0.10.jar
7fb6ac006000-7fb6ac007000 r--s 00005000 08:01 5911779                    /home/avalanche/.gradle/wrapper/dists/gradle-2.14.1-all/8bnwg5hd3w55iofp58khbp6yv/gradle-2.14.1/lib/native-platform-windows-i386-0.10.jar
7fb6ac007000-7fb6ac008000 r--s 00005000 08:01 5911778                    /home/avalanche/.gradle/wrapper/dists/gradle-2.14.1-all/8bnwg5hd3w55iofp58khbp6yv/gradle-2.14.1/lib/native-platform-windows-amd64-0.10.jar
7fb6ac008000-7fb6ac009000 r--s 00003000 08:01 5911777                    /home/avalanche/.gradle/wrapper/dists/gradle-2.14.1-all/8bnwg5hd3w55iofp58khbp6yv/gradle-2.14.1/lib/native-platform-linux-i386-0.10.jar
7fb6ac009000-7fb6ac00a000 r--s 00003000 08:01 5911776                    /home/avalanche/.gradle/wrapper/dists/gradle-2.14.1-all/8bnwg5hd3w55iofp58khbp6yv/gradle-2.14.1/lib/native-platform-linux-amd64-0.10.jar
7fb6ac00a000-7fb6ac00c000 r--s 00008000 08:01 5911768                    /home/avalanche/.gradle/wrapper/dists/gradle-2.14.1-all/8bnwg5hd3w55iofp58khbp6yv/gradle-2.14.1/lib/jansi-1.2.1.jar
7fb6ac00c000-7fb6ac00f000 r--s 0000d000 08:01 5911767                    /home/avalanche/.gradle/wrapper/dists/gradle-2.14.1-all/8bnwg5hd3w55iofp58khbp6yv/gradle-2.14.1/lib/native-platform-0.10.jar
7fb6ac00f000-7fb6ac01e000 r--s 00080000 08:01 5911750                    /home/avalanche/.gradle/wrapper/dists/gradle-2.14.1-all/8bnwg5hd3w55iofp58khbp6yv/gradle-2.14.1/lib/gradle-model-core-2.14.1.jar
7fb6ac01e000-7fb6ac02b000 r--s 00083000 08:01 5911754                    /home/avalanche/.gradle/wrapper/dists/gradle-2.14.1-all/8bnwg5hd3w55iofp58khbp6yv/gradle-2.14.1/lib/commons-collections-3.2.2.jar
7fb6ac02b000-7fb6ac09a000 r--s 0063e000 08:01 5911749                    /home/avalanche/.gradle/wrapper/dists/gradle-2.14.1-all/8bnwg5hd3w55iofp58khbp6yv/gradle-2.14.1/lib/groovy-all-2.4.4.jar
7fb6ac09a000-7fb6ac0c2000 r--s 001cf000 08:01 5911746                    /home/avalanche/.gradle/wrapper/dists/gradle-2.14.1-all/8bnwg5hd3w55iofp58khbp6yv/gradle-2.14.1/lib/guava-jdk5-17.0.jar
7fb6ac0c2000-7fb6ac0f9000 r--s 001bd000 08:01 5911740                    /home/avalanche/.gradle/wrapper/dists/gradle-2.14.1-all/8bnwg5hd3w55iofp58khbp6yv/gradle-2.14.1/lib/gradle-core-2.14.1.jar
7fb6ac0f9000-7fb6ac0fa000 ---p 00000000 00:00 0 
7fb6ac0fa000-7fb6ad000000 rw-p 00000000 00:00 0                          [stack:8673]
7fb6ad000000-7fb6ada90000 rwxp 00000000 00:00 0 
7fb6ada90000-7fb6bc000000 ---p 00000000 00:00 0 
7fb6bc000000-7fb6bcb7e000 rw-p 00000000 00:00 0 
7fb6bcb7e000-7fb6c0000000 ---p 00000000 00:00 0 
7fb6c0000000-7fb6c0001000 r--s 00002000 08:01 5911775                    /home/avalanche/.gradle/wrapper/dists/gradle-2.14.1-all/8bnwg5hd3w55iofp58khbp6yv/gradle-2.14.1/lib/native-platform-osx-amd64-0.10.jar
7fb6c0001000-7fb6c0005000 r--s 000e4000 08:01 5911766                    /home/avalanche/.gradle/wrapper/dists/gradle-2.14.1-all/8bnwg5hd3w55iofp58khbp6yv/gradle-2.14.1/lib/jna-3.2.7.jar
7fb6c0005000-7fb6c0007000 r--s 00009000 08:01 5911744                    /home/avalanche/.gradle/wrapper/dists/gradle-2.14.1-all/8bnwg5hd3w55iofp58khbp6yv/gradle-2.14.1/lib/gradle-native-2.14.1.jar
7fb6c0007000-7fb6c0009000 r--s 00005000 08:01 5911741                    /home/avalanche/.gradle/wrapper/dists/gradle-2.14.1-all/8bnwg5hd3w55iofp58khbp6yv/gradle-2.14.1/lib/gradle-cli-2.14.1.jar
7fb6c0009000-7fb6c0028000 r--s 001d1000 08:01 5911753                    /home/avalanche/.gradle/wrapper/dists/gradle-2.14.1-all/8bnwg5hd3w55iofp58khbp6yv/gradle-2.14.1/lib/ant-1.9.6.jar
7fb6c0028000-7fb6c03bc000 rw-p 00000000 00:00 0 
7fb6c03bc000-7fb6c0595000 r--s 03d1f000 08:01 19007921                   /usr/lib/jvm/java-8-oracle/jre/lib/rt.jar
7fb6c0595000-7fb6c090b000 rw-p 00000000 00:00 0 
7fb6c090b000-7fb6c090c000 ---p 00000000 00:00 0 
7fb6c090c000-7fb6c0a0c000 rw-p 00000000 00:00 0                          [stack:8672]
7fb6c0a0c000-7fb6c0a0d000 ---p 00000000 00:00 0 
7fb6c0a0d000-7fb6c0b29000 rw-p 00000000 00:00 0                          [stack:8671]
7fb6c0b29000-7fb6c0d0d000 ---p 00000000 00:00 0 
7fb6c0d0d000-7fb6c0d29000 rw-p 00000000 00:00 0 
7fb6c0d29000-7fb6c0f0d000 ---p 00000000 00:00 0 
7fb6c0f0d000-7fb6c0f88000 rw-p 00000000 00:00 0 
7fb6c0f88000-7fb6c100d000 ---p 00000000 00:00 0 
7fb6c100d000-7fb6c1039000 rw-p 00000000 00:00 0 
7fb6c1039000-7fb6c13ce000 ---p 00000000 00:00 0 
7fb6c13ce000-7fb6c13e8000 r-xp 00000000 08:01 19008025                   /usr/lib/jvm/java-8-oracle/jre/lib/amd64/libzip.so
7fb6c13e8000-7fb6c15e8000 ---p 0001a000 08:01 19008025                   /usr/lib/jvm/java-8-oracle/jre/lib/amd64/libzip.so
7fb6c15e8000-7fb6c15e9000 rw-p 0001a000 08:01 19008025                   /usr/lib/jvm/java-8-oracle/jre/lib/amd64/libzip.so
7fb6c15e9000-7fb6c15f4000 r-xp 00000000 08:01 14155880                   /lib/x86_64-linux-gnu/libnss_files-2.19.so
7fb6c15f4000-7fb6c17f3000 ---p 0000b000 08:01 14155880                   /lib/x86_64-linux-gnu/libnss_files-2.19.so
7fb6c17f3000-7fb6c17f4000 r--p 0000a000 08:01 14155880                   /lib/x86_64-linux-gnu/libnss_files-2.19.so
7fb6c17f4000-7fb6c17f5000 rw-p 0000b000 08:01 14155880                   /lib/x86_64-linux-gnu/libnss_files-2.19.so
7fb6c17f5000-7fb6c1800000 r-xp 00000000 08:01 14155872                   /lib/x86_64-linux-gnu/libnss_nis-2.19.so
7fb6c1800000-7fb6c19ff000 ---p 0000b000 08:01 14155872                   /lib/x86_64-linux-gnu/libnss_nis-2.19.so
7fb6c19ff000-7fb6c1a00000 r--p 0000a000 08:01 14155872                   /lib/x86_64-linux-gnu/libnss_nis-2.19.so
7fb6c1a00000-7fb6c1a01000 rw-p 0000b000 08:01 14155872                   /lib/x86_64-linux-gnu/libnss_nis-2.19.so
7fb6c1a01000-7fb6c1a18000 r-xp 00000000 08:01 14155868                   /lib/x86_64-linux-gnu/libnsl-2.19.so
7fb6c1a18000-7fb6c1c17000 ---p 00017000 08:01 14155868                   /lib/x86_64-linux-gnu/libnsl-2.19.so
7fb6c1c17000-7fb6c1c18000 r--p 00016000 08:01 14155868                   /lib/x86_64-linux-gnu/libnsl-2.19.so
7fb6c1c18000-7fb6c1c19000 rw-p 00017000 08:01 14155868                   /lib/x86_64-linux-gnu/libnsl-2.19.so
7fb6c1c19000-7fb6c1c1b000 rw-p 00000000 00:00 0 
7fb6c1c1b000-7fb6c1c24000 r-xp 00000000 08:01 14155867                   /lib/x86_64-linux-gnu/libnss_compat-2.19.so
7fb6c1c24000-7fb6c1e23000 ---p 00009000 08:01 14155867                   /lib/x86_64-linux-gnu/libnss_compat-2.19.so
7fb6c1e23000-7fb6c1e24000 r--p 00008000 08:01 14155867                   /lib/x86_64-linux-gnu/libnss_compat-2.19.so
7fb6c1e24000-7fb6c1e25000 rw-p 00009000 08:01 14155867                   /lib/x86_64-linux-gnu/libnss_compat-2.19.so
7fb6c1e25000-7fb6c1e4f000 r-xp 00000000 08:01 19008006                   /usr/lib/jvm/java-8-oracle/jre/lib/amd64/libjava.so
7fb6c1e4f000-7fb6c204f000 ---p 0002a000 08:01 19008006                   /usr/lib/jvm/java-8-oracle/jre/lib/amd64/libjava.so
7fb6c204f000-7fb6c2051000 rw-p 0002a000 08:01 19008006                   /usr/lib/jvm/java-8-oracle/jre/lib/amd64/libjava.so
7fb6c2051000-7fb6c205e000 r-xp 00000000 08:01 19007982                   /usr/lib/jvm/java-8-oracle/jre/lib/amd64/libverify.so
7fb6c205e000-7fb6c225e000 ---p 0000d000 08:01 19007982                   /usr/lib/jvm/java-8-oracle/jre/lib/amd64/libverify.so
7fb6c225e000-7fb6c2260000 rw-p 0000d000 08:01 19007982                   /usr/lib/jvm/java-8-oracle/jre/lib/amd64/libverify.so
7fb6c2260000-7fb6c2267000 r-xp 00000000 08:01 14155876                   /lib/x86_64-linux-gnu/librt-2.19.so
7fb6c2267000-7fb6c2466000 ---p 00007000 08:01 14155876                   /lib/x86_64-linux-gnu/librt-2.19.so
7fb6c2466000-7fb6c2467000 r--p 00006000 08:01 14155876                   /lib/x86_64-linux-gnu/librt-2.19.so
7fb6c2467000-7fb6c2468000 rw-p 00007000 08:01 14155876                   /lib/x86_64-linux-gnu/librt-2.19.so
7fb6c2468000-7fb6c256d000 r-xp 00000000 08:01 14155802                   /lib/x86_64-linux-gnu/libm-2.19.so
7fb6c256d000-7fb6c276c000 ---p 00105000 08:01 14155802                   /lib/x86_64-linux-gnu/libm-2.19.so
7fb6c276c000-7fb6c276d000 r--p 00104000 08:01 14155802                   /lib/x86_64-linux-gnu/libm-2.19.so
7fb6c276d000-7fb6c276e000 rw-p 00105000 08:01 14155802                   /lib/x86_64-linux-gnu/libm-2.19.so
7fb6c276e000-7fb6c342e000 r-xp 00000000 08:01 19008011                   /usr/lib/jvm/java-8-oracle/jre/lib/amd64/server/libjvm.so
7fb6c342e000-7fb6c362e000 ---p 00cc0000 08:01 19008011                   /usr/lib/jvm/java-8-oracle/jre/lib/amd64/server/libjvm.so
7fb6c362e000-7fb6c3706000 rw-p 00cc0000 08:01 19008011                   /usr/lib/jvm/java-8-oracle/jre/lib/amd64/server/libjvm.so
7fb6c3706000-7fb6c3751000 rw-p 00000000 00:00 0 
7fb6c3751000-7fb6c390c000 r-xp 00000000 08:01 14155877                   /lib/x86_64-linux-gnu/libc-2.19.so
7fb6c390c000-7fb6c3b0b000 ---p 001bb000 08:01 14155877                   /lib/x86_64-linux-gnu/libc-2.19.so
7fb6c3b0b000-7fb6c3b0f000 r--p 001ba000 08:01 14155877                   /lib/x86_64-linux-gnu/libc-2.19.so
7fb6c3b0f000-7fb6c3b11000 rw-p 001be000 08:01 14155877                   /lib/x86_64-linux-gnu/libc-2.19.so
7fb6c3b11000-7fb6c3b16000 rw-p 00000000 00:00 0 
7fb6c3b16000-7fb6c3b19000 r-xp 00000000 08:01 14155806                   /lib/x86_64-linux-gnu/libdl-2.19.so
7fb6c3b19000-7fb6c3d18000 ---p 00003000 08:01 14155806                   /lib/x86_64-linux-gnu/libdl-2.19.so
7fb6c3d18000-7fb6c3d19000 r--p 00002000 08:01 14155806                   /lib/x86_64-linux-gnu/libdl-2.19.so
7fb6c3d19000-7fb6c3d1a000 rw-p 00003000 08:01 14155806                   /lib/x86_64-linux-gnu/libdl-2.19.so
7fb6c3d1a000-7fb6c3d2f000 r-xp 00000000 08:01 19007168                   /usr/lib/jvm/java-8-oracle/lib/amd64/jli/libjli.so
7fb6c3d2f000-7fb6c3f2f000 ---p 00015000 08:01 19007168                   /usr/lib/jvm/java-8-oracle/lib/amd64/jli/libjli.so
7fb6c3f2f000-7fb6c3f30000 rw-p 00015000 08:01 19007168                   /usr/lib/jvm/java-8-oracle/lib/amd64/jli/libjli.so
7fb6c3f30000-7fb6c3f49000 r-xp 00000000 08:01 14155869                   /lib/x86_64-linux-gnu/libpthread-2.19.so
7fb6c3f49000-7fb6c4148000 ---p 00019000 08:01 14155869                   /lib/x86_64-linux-gnu/libpthread-2.19.so
7fb6c4148000-7fb6c4149000 r--p 00018000 08:01 14155869                   /lib/x86_64-linux-gnu/libpthread-2.19.so
7fb6c4149000-7fb6c414a000 rw-p 00019000 08:01 14155869                   /lib/x86_64-linux-gnu/libpthread-2.19.so
7fb6c414a000-7fb6c414e000 rw-p 00000000 00:00 0 
7fb6c414e000-7fb6c4171000 r-xp 00000000 08:01 14155870                   /lib/x86_64-linux-gnu/ld-2.19.so
7fb6c4171000-7fb6c4172000 r--s 00002000 08:01 5911774                    /home/avalanche/.gradle/wrapper/dists/gradle-2.14.1-all/8bnwg5hd3w55iofp58khbp6yv/gradle-2.14.1/lib/native-platform-osx-i386-0.10.jar
7fb6c4172000-7fb6c4174000 r--s 00007000 08:01 5911751                    /home/avalanche/.gradle/wrapper/dists/gradle-2.14.1-all/8bnwg5hd3w55iofp58khbp6yv/gradle-2.14.1/lib/gradle-model-groovy-2.14.1.jar
7fb6c4174000-7fb6c4175000 r--s 00006000 08:01 5911758                    /home/avalanche/.gradle/wrapper/dists/gradle-2.14.1-all/8bnwg5hd3w55iofp58khbp6yv/gradle-2.14.1/lib/gradle-base-services-groovy-2.14.1.jar
7fb6c4175000-7fb6c4176000 r--s 00002000 08:01 5911762                    /home/avalanche/.gradle/wrapper/dists/gradle-2.14.1-all/8bnwg5hd3w55iofp58khbp6yv/gradle-2.14.1/lib/gradle-docs-2.14.1.jar
7fb6c4176000-7fb6c4177000 r--s 00000000 08:01 5911757                    /home/avalanche/.gradle/wrapper/dists/gradle-2.14.1-all/8bnwg5hd3w55iofp58khbp6yv/gradle-2.14.1/lib/javax.inject-1.jar
7fb6c4177000-7fb6c4178000 r--s 00000000 08:01 5911756                    /home/avalanche/.gradle/wrapper/dists/gradle-2.14.1-all/8bnwg5hd3w55iofp58khbp6yv/gradle-2.14.1/lib/jcip-annotations-1.0.jar
7fb6c4178000-7fb6c417c000 r--s 00027000 08:01 5911755                    /home/avalanche/.gradle/wrapper/dists/gradle-2.14.1-all/8bnwg5hd3w55iofp58khbp6yv/gradle-2.14.1/lib/commons-io-2.2.jar
7fb6c417c000-7fb6c4181000 r--s 00038000 08:01 5911752                    /home/avalanche/.gradle/wrapper/dists/gradle-2.14.1-all/8bnwg5hd3w55iofp58khbp6yv/gradle-2.14.1/lib/asm-all-5.1.jar
7fb6c4181000-7fb6c4182000 r--s 00001000 08:01 5911748                    /home/avalanche/.gradle/wrapper/dists/gradle-2.14.1-all/8bnwg5hd3w55iofp58khbp6yv/gradle-2.14.1/lib/gradle-process-services-2.14.1.jar
7fb6c4182000-7fb6c4183000 r--s 00000000 08:01 5911739                    /home/avalanche/.gradle/wrapper/dists/gradle-2.14.1-all/8bnwg5hd3w55iofp58khbp6yv/gradle-2.14.1/lib/gradle-jvm-services-2.14.1.jar
7fb6c4183000-7fb6c4188000 r--s 00041000 08:01 5911747                    /home/avalanche/.gradle/wrapper/dists/gradle-2.14.1-all/8bnwg5hd3w55iofp58khbp6yv/gradle-2.14.1/lib/commons-lang-2.6.jar
7fb6c4188000-7fb6c4189000 r--s 00007000 08:01 5911745                    /home/avalanche/.gradle/wrapper/dists/gradle-2.14.1-all/8bnwg5hd3w55iofp58khbp6yv/gradle-2.14.1/lib/slf4j-api-1.7.10.jar
7fb6c4189000-7fb6c424b000 rw-p 00000000 00:00 0 
7fb6c424b000-7fb6c424e000 ---p 00000000 00:00 0 
7fb6c424e000-7fb6c4350000 rw-p 00000000 00:00 0                          [stack:8670]
7fb6c4350000-7fb6c4351000 r--s 00004000 08:01 5911769                    /home/avalanche/.gradle/wrapper/dists/gradle-2.14.1-all/8bnwg5hd3w55iofp58khbp6yv/gradle-2.14.1/lib/ant-launcher-1.9.6.jar
7fb6c4351000-7fb6c4359000 r--s 0003a000 08:01 5911738                    /home/avalanche/.gradle/wrapper/dists/gradle-2.14.1-all/8bnwg5hd3w55iofp58khbp6yv/gradle-2.14.1/lib/gradle-base-services-2.14.1.jar
7fb6c4359000-7fb6c4364000 r--s 00051000 08:01 5909676                    /home/avalanche/.gradle/wrapper/dists/gradle-2.14.1-all/8bnwg5hd3w55iofp58khbp6yv/gradle-2.14.1/lib/gradle-launcher-2.14.1.jar
7fb6c4364000-7fb6c436c000 rw-s 00000000 08:01 22811670                   /tmp/hsperfdata_avalanche/8667
7fb6c436c000-7fb6c436d000 rw-p 00000000 00:00 0 
7fb6c436d000-7fb6c436e000 r--p 00000000 00:00 0 
7fb6c436e000-7fb6c4370000 rw-p 00000000 00:00 0 
7fb6c4370000-7fb6c4371000 r--p 00022000 08:01 14155870                   /lib/x86_64-linux-gnu/ld-2.19.so
7fb6c4371000-7fb6c4372000 rw-p 00023000 08:01 14155870                   /lib/x86_64-linux-gnu/ld-2.19.so
7fb6c4372000-7fb6c4373000 rw-p 00000000 00:00 0 
7ffd1dd7f000-7ffd1dda0000 rw-p 00000000 00:00 0                          [stack]
7ffd1ddd8000-7ffd1ddda000 r--p 00000000 00:00 0                          [vvar]
7ffd1ddda000-7ffd1dddc000 r-xp 00000000 00:00 0                          [vdso]
ffffffffff600000-ffffffffff601000 r-xp 00000000 00:00 0                  [vsyscall]

VM Arguments:
jvm_args: -Xmx1536m -Dfile.encoding=UTF-8 -Duser.country=IN -Duser.language=en -Duser.variant 
java_command: org.gradle.launcher.daemon.bootstrap.GradleDaemon 2.14.1
java_class_path (initial): /home/avalanche/.gradle/wrapper/dists/gradle-2.14.1-all/8bnwg5hd3w55iofp58khbp6yv/gradle-2.14.1/lib/gradle-launcher-2.14.1.jar
Launcher Type: SUN_STANDARD

Environment Variables:
JAVA_HOME=/usr/lib/jvm/java-7-oracle
PATH=/usr/local/sbin:/usr/local/bin:/usr/sbin:/usr/bin:/sbin:/bin:/usr/games:/usr/local/games:/usr/lib/jvm/java-7-oracle/bin:/usr/lib/jvm/java-7-oracle/db/bin:/usr/lib/jvm/java-7-oracle/jre/bin
LD_LIBRARY_PATH=/home/avalanche/android-studio/bin:
SHELL=/bin/bash
DISPLAY=:0

Signal Handlers:
SIGSEGV: [libjvm.so+0xabca10], sa_mask[0]=11111111011111111101111111111110, sa_flags=SA_RESTART|SA_SIGINFO
SIGBUS: [libjvm.so+0xabca10], sa_mask[0]=11111111011111111101111111111110, sa_flags=SA_RESTART|SA_SIGINFO
SIGFPE: [libjvm.so+0x919a20], sa_mask[0]=11111111011111111101111111111110, sa_flags=SA_RESTART|SA_SIGINFO
SIGPIPE: [libjvm.so+0x919a20], sa_mask[0]=11111111011111111101111111111110, sa_flags=SA_RESTART|SA_SIGINFO
SIGXFSZ: [libjvm.so+0x919a20], sa_mask[0]=11111111011111111101111111111110, sa_flags=SA_RESTART|SA_SIGINFO
SIGILL: [libjvm.so+0x919a20], sa_mask[0]=11111111011111111101111111111110, sa_flags=SA_RESTART|SA_SIGINFO
SIGUSR1: SIG_DFL, sa_mask[0]=00000000000000000000000000000000, sa_flags=none
SIGUSR2: [libjvm.so+0x91b050], sa_mask[0]=00100000000000000000000000000000, sa_flags=SA_RESTART|SA_SIGINFO
SIGHUP: [libjvm.so+0x91c450], sa_mask[0]=11111111011111111101111111111110, sa_flags=SA_RESTART|SA_SIGINFO
SIGINT: [libjvm.so+0x91c450], sa_mask[0]=11111111011111111101111111111110, sa_flags=SA_RESTART|SA_SIGINFO
SIGTERM: [libjvm.so+0x91c450], sa_mask[0]=11111111011111111101111111111110, sa_flags=SA_RESTART|SA_SIGINFO
SIGQUIT: [libjvm.so+0x91c450], sa_mask[0]=11111111011111111101111111111110, sa_flags=SA_RESTART|SA_SIGINFO


---------------  S Y S T E M  ---------------

OS:DISTRIB_ID=Ubuntu
DISTRIB_RELEASE=14.04
DISTRIB_CODENAME=trusty
DISTRIB_DESCRIPTION="Ubuntu 14.04.4 LTS"

uname:Linux 3.19.0-56-generic #62~14.04.1-Ubuntu SMP Fri Mar 11 11:03:15 UTC 2016 x86_64
libc:glibc 2.19 NPTL 2.19 
rlimit: STACK 8192k, CORE 0k, NPROC 30582, NOFILE 4096, AS infinity
load average:1.19 0.92 0.78

/proc/meminfo:
MemTotal:        7916368 kB
MemFree:          737756 kB
MemAvailable:    3831848 kB
Buffers:         1645908 kB
Cached:          1588464 kB
SwapCached:          176 kB
Active:          5206924 kB
Inactive:        1561284 kB
Active(anon):    3141088 kB
Inactive(anon):   428248 kB
Active(file):    2065836 kB
Inactive(file):  1133036 kB
Unevictable:          48 kB
Mlocked:              48 kB
SwapTotal:       3928060 kB
SwapFree:        3927768 kB
Dirty:               368 kB
Writeback:             0 kB
AnonPages:       3533692 kB
Mapped:           488228 kB
Shmem:             35492 kB
Slab:             163196 kB
SReclaimable:     128296 kB
SUnreclaim:        34900 kB
KernelStack:        9312 kB
PageTables:        41992 kB
NFS_Unstable:          0 kB
Bounce:                0 kB
WritebackTmp:          0 kB
CommitLimit:     7886244 kB
Committed_AS:    7488572 kB
VmallocTotal:   34359738367 kB
VmallocUsed:      292508 kB
VmallocChunk:   34359441608 kB
HardwareCorrupted:     0 kB
AnonHugePages:   1875968 kB
CmaTotal:              0 kB
CmaFree:               0 kB
HugePages_Total:       0
HugePages_Free:        0
HugePages_Rsvd:        0
HugePages_Surp:        0
Hugepagesize:       2048 kB
DirectMap4k:      223744 kB
DirectMap2M:     6852608 kB
DirectMap1G:     1048576 kB


CPU:total 2 (2 cores per cpu, 1 threads per core) family 16 model 6 stepping 3, cmov, cx8, fxsr, mmx, sse, sse2, sse3, popcnt, mmxext, 3dnowpref, lzcnt, sse4a, tsc, tscinvbit, tscinv

/proc/cpuinfo:
processor	: 0
vendor_id	: AuthenticAMD
cpu family	: 16
model		: 6
model name	: AMD Athlon(tm) II X2 260 Processor
stepping	: 3
microcode	: 0x10000c8
cpu MHz		: 3200.000
cache size	: 1024 KB
physical id	: 0
siblings	: 2
core id		: 0
cpu cores	: 2
apicid		: 0
initial apicid	: 0
fpu		: yes
fpu_exception	: yes
cpuid level	: 5
wp		: yes
flags		: fpu vme de pse tsc msr pae mce cx8 apic sep mtrr pge mca cmov pat pse36 clflush mmx fxsr sse sse2 ht syscall nx mmxext fxsr_opt pdpe1gb rdtscp lm 3dnowext 3dnow constant_tsc rep_good nopl nonstop_tsc extd_apicid pni monitor cx16 popcnt lahf_lm cmp_legacy svm extapic cr8_legacy abm sse4a misalignsse 3dnowprefetch osvw ibs skinit wdt nodeid_msr hw_pstate npt lbrv svm_lock nrip_save vmmcall
bugs		: tlb_mmatch fxsave_leak
bogomips	: 6429.26
TLB size	: 1024 4K pages
clflush size	: 64
cache_alignment	: 64
address sizes	: 48 bits physical, 48 bits virtual
power management: ts ttp tm stc 100mhzsteps hwpstate

processor	: 1
vendor_id	: AuthenticAMD
cpu family	: 16
model		: 6
model name	: AMD Athlon(tm) II X2 260 Processor
stepping	: 3
microcode	: 0x10000c8
cpu MHz		: 3200.000
cache size	: 1024 KB
physical id	: 0
siblings	: 2
core id		: 1
cpu cores	: 2
apicid		: 1
initial apicid	: 1
fpu		: yes
fpu_exception	: yes
cpuid level	: 5
wp		: yes
flags		: fpu vme de pse tsc msr pae mce cx8 apic sep mtrr pge mca cmov pat pse36 clflush mmx fxsr sse sse2 ht syscall nx mmxext fxsr_opt pdpe1gb rdtscp lm 3dnowext 3dnow constant_tsc rep_good nopl nonstop_tsc extd_apicid pni monitor cx16 popcnt lahf_lm cmp_legacy svm extapic cr8_legacy abm sse4a misalignsse 3dnowprefetch osvw ibs skinit wdt nodeid_msr hw_pstate npt lbrv svm_lock nrip_save vmmcall
bugs		: tlb_mmatch fxsave_leak
bogomips	: 6429.26
TLB size	: 1024 4K pages
clflush size	: 64
cache_alignment	: 64
address sizes	: 48 bits physical, 48 bits virtual
power management: ts ttp tm stc 100mhzsteps hwpstate



Memory: 4k page, physical 7916368k(737756k free), swap 3928060k(3927768k free)

vm_info: Java HotSpot(TM) 64-Bit Server VM (25.91-b14) for linux-amd64 JRE (1.8.0_91-b14), built on Apr  1 2016 00:57:21 by "java_re" with gcc 4.3.0 20080428 (Red Hat 4.3.0-8)

time: Thu Feb  2 11:18:50 2017
elapsed time: 6 seconds (0d 0h 0m 6s)

